{"C:\\Users\\LARAUSE\\Desktop\\Instructor Sena\\2026\\Trimestre 1\\3206404 Articulacion\\software\\backend\\controllers\\auth.controller.js": {"path":"C:\\Users\\LARAUSE\\Desktop\\Instructor Sena\\2026\\Trimestre 1\\3206404 Articulacion\\software\\backend\\controllers\\auth.controller.js","statementMap":{"0":{"start":{"line":9,"column":16},"end":{"line":9,"column":44}},"1":{"start":{"line":12,"column":26},"end":{"line":12,"column":50}},"2":{"start":{"line":26,"column":17},"end":{"line":108,"column":1}},"3":{"start":{"line":27,"column":2},"end":{"line":107,"column":3}},"4":{"start":{"line":29,"column":71},"end":{"line":29,"column":79}},"5":{"start":{"line":32,"column":4},"end":{"line":37,"column":5}},"6":{"start":{"line":33,"column":6},"end":{"line":36,"column":9}},"7":{"start":{"line":40,"column":23},"end":{"line":40,"column":51}},"8":{"start":{"line":41,"column":4},"end":{"line":46,"column":5}},"9":{"start":{"line":42,"column":6},"end":{"line":45,"column":9}},"10":{"start":{"line":49,"column":4},"end":{"line":54,"column":5}},"11":{"start":{"line":50,"column":6},"end":{"line":53,"column":9}},"12":{"start":{"line":57,"column":29},"end":{"line":57,"column":72}},"13":{"start":{"line":59,"column":4},"end":{"line":64,"column":5}},"14":{"start":{"line":60,"column":6},"end":{"line":63,"column":9}},"15":{"start":{"line":69,"column":25},"end":{"line":77,"column":6}},"16":{"start":{"line":80,"column":18},"end":{"line":84,"column":6}},"17":{"start":{"line":88,"column":29},"end":{"line":88,"column":50}},"18":{"start":{"line":89,"column":4},"end":{"line":89,"column":37}},"19":{"start":{"line":91,"column":4},"end":{"line":98,"column":7}},"20":{"start":{"line":101,"column":4},"end":{"line":101,"column":47}},"21":{"start":{"line":102,"column":4},"end":{"line":106,"column":7}},"22":{"start":{"line":122,"column":14},"end":{"line":196,"column":1}},"23":{"start":{"line":123,"column":2},"end":{"line":195,"column":3}},"24":{"start":{"line":125,"column":32},"end":{"line":125,"column":40}},"25":{"start":{"line":128,"column":4},"end":{"line":133,"column":5}},"26":{"start":{"line":129,"column":6},"end":{"line":132,"column":9}},"27":{"start":{"line":137,"column":20},"end":{"line":139,"column":6}},"28":{"start":{"line":141,"column":4},"end":{"line":146,"column":5}},"29":{"start":{"line":142,"column":6},"end":{"line":145,"column":9}},"30":{"start":{"line":149,"column":4},"end":{"line":154,"column":5}},"31":{"start":{"line":150,"column":6},"end":{"line":153,"column":9}},"32":{"start":{"line":158,"column":27},"end":{"line":158,"column":67}},"33":{"start":{"line":160,"column":4},"end":{"line":165,"column":5}},"34":{"start":{"line":161,"column":6},"end":{"line":164,"column":9}},"35":{"start":{"line":168,"column":18},"end":{"line":172,"column":6}},"36":{"start":{"line":175,"column":31},"end":{"line":175,"column":47}},"37":{"start":{"line":176,"column":4},"end":{"line":176,"column":39}},"38":{"start":{"line":179,"column":4},"end":{"line":186,"column":7}},"39":{"start":{"line":189,"column":4},"end":{"line":189,"column":44}},"40":{"start":{"line":190,"column":4},"end":{"line":194,"column":7}},"41":{"start":{"line":210,"column":14},"end":{"line":241,"column":1}},"42":{"start":{"line":211,"column":2},"end":{"line":240,"column":3}},"43":{"start":{"line":214,"column":20},"end":{"line":216,"column":6}},"44":{"start":{"line":218,"column":4},"end":{"line":223,"column":5}},"45":{"start":{"line":219,"column":6},"end":{"line":222,"column":9}},"46":{"start":{"line":226,"column":4},"end":{"line":231,"column":7}},"47":{"start":{"line":234,"column":4},"end":{"line":234,"column":44}},"48":{"start":{"line":235,"column":4},"end":{"line":239,"column":7}},"49":{"start":{"line":256,"column":17},"end":{"line":298,"column":1}},"50":{"start":{"line":257,"column":2},"end":{"line":297,"column":3}},"51":{"start":{"line":259,"column":54},"end":{"line":259,"column":62}},"52":{"start":{"line":262,"column":20},"end":{"line":262,"column":58}},"53":{"start":{"line":264,"column":4},"end":{"line":269,"column":5}},"54":{"start":{"line":265,"column":6},"end":{"line":268,"column":9}},"55":{"start":{"line":273,"column":4},"end":{"line":273,"column":54}},"56":{"start":{"line":273,"column":30},"end":{"line":273,"column":54}},"57":{"start":{"line":274,"column":4},"end":{"line":274,"column":60}},"58":{"start":{"line":274,"column":32},"end":{"line":274,"column":60}},"59":{"start":{"line":275,"column":4},"end":{"line":275,"column":60}},"60":{"start":{"line":275,"column":32},"end":{"line":275,"column":60}},"61":{"start":{"line":276,"column":4},"end":{"line":276,"column":63}},"62":{"start":{"line":276,"column":33},"end":{"line":276,"column":63}},"63":{"start":{"line":279,"column":4},"end":{"line":279,"column":25}},"64":{"start":{"line":282,"column":4},"end":{"line":288,"column":7}},"65":{"start":{"line":291,"column":4},"end":{"line":291,"column":47}},"66":{"start":{"line":292,"column":4},"end":{"line":296,"column":7}},"67":{"start":{"line":313,"column":23},"end":{"line":372,"column":1}},"68":{"start":{"line":314,"column":2},"end":{"line":371,"column":3}},"69":{"start":{"line":315,"column":46},"end":{"line":315,"column":54}},"70":{"start":{"line":318,"column":4},"end":{"line":323,"column":5}},"71":{"start":{"line":319,"column":6},"end":{"line":322,"column":9}},"72":{"start":{"line":326,"column":4},"end":{"line":331,"column":5}},"73":{"start":{"line":327,"column":6},"end":{"line":330,"column":9}},"74":{"start":{"line":334,"column":20},"end":{"line":334,"column":80}},"75":{"start":{"line":336,"column":4},"end":{"line":341,"column":5}},"76":{"start":{"line":337,"column":6},"end":{"line":340,"column":9}},"77":{"start":{"line":344,"column":27},"end":{"line":344,"column":73}},"78":{"start":{"line":346,"column":4},"end":{"line":351,"column":5}},"79":{"start":{"line":347,"column":6},"end":{"line":350,"column":9}},"80":{"start":{"line":355,"column":4},"end":{"line":355,"column":37}},"81":{"start":{"line":356,"column":4},"end":{"line":356,"column":25}},"82":{"start":{"line":359,"column":4},"end":{"line":362,"column":7}},"83":{"start":{"line":365,"column":4},"end":{"line":365,"column":53}},"84":{"start":{"line":366,"column":4},"end":{"line":370,"column":7}},"85":{"start":{"line":375,"column":0},"end":{"line":381,"column":2}}},"fnMap":{"0":{"name":"(anonymous_0)","decl":{"start":{"line":26,"column":17},"end":{"line":26,"column":18}},"loc":{"start":{"line":26,"column":37},"end":{"line":108,"column":1}},"line":26},"1":{"name":"(anonymous_1)","decl":{"start":{"line":122,"column":14},"end":{"line":122,"column":15}},"loc":{"start":{"line":122,"column":34},"end":{"line":196,"column":1}},"line":122},"2":{"name":"(anonymous_2)","decl":{"start":{"line":210,"column":14},"end":{"line":210,"column":15}},"loc":{"start":{"line":210,"column":34},"end":{"line":241,"column":1}},"line":210},"3":{"name":"(anonymous_3)","decl":{"start":{"line":256,"column":17},"end":{"line":256,"column":18}},"loc":{"start":{"line":256,"column":37},"end":{"line":298,"column":1}},"line":256},"4":{"name":"(anonymous_4)","decl":{"start":{"line":313,"column":23},"end":{"line":313,"column":24}},"loc":{"start":{"line":313,"column":43},"end":{"line":372,"column":1}},"line":313}},"branchMap":{"0":{"loc":{"start":{"line":32,"column":4},"end":{"line":37,"column":5}},"type":"if","locations":[{"start":{"line":32,"column":4},"end":{"line":37,"column":5}},{"start":{},"end":{}}],"line":32},"1":{"loc":{"start":{"line":32,"column":8},"end":{"line":32,"column":51}},"type":"binary-expr","locations":[{"start":{"line":32,"column":8},"end":{"line":32,"column":15}},{"start":{"line":32,"column":19},"end":{"line":32,"column":28}},{"start":{"line":32,"column":32},"end":{"line":32,"column":38}},{"start":{"line":32,"column":42},"end":{"line":32,"column":51}}],"line":32},"2":{"loc":{"start":{"line":41,"column":4},"end":{"line":46,"column":5}},"type":"if","locations":[{"start":{"line":41,"column":4},"end":{"line":46,"column":5}},{"start":{},"end":{}}],"line":41},"3":{"loc":{"start":{"line":49,"column":4},"end":{"line":54,"column":5}},"type":"if","locations":[{"start":{"line":49,"column":4},"end":{"line":54,"column":5}},{"start":{},"end":{}}],"line":49},"4":{"loc":{"start":{"line":59,"column":4},"end":{"line":64,"column":5}},"type":"if","locations":[{"start":{"line":59,"column":4},"end":{"line":64,"column":5}},{"start":{},"end":{}}],"line":59},"5":{"loc":{"start":{"line":74,"column":16},"end":{"line":74,"column":32}},"type":"binary-expr","locations":[{"start":{"line":74,"column":16},"end":{"line":74,"column":24}},{"start":{"line":74,"column":28},"end":{"line":74,"column":32}}],"line":74},"6":{"loc":{"start":{"line":75,"column":17},"end":{"line":75,"column":34}},"type":"binary-expr","locations":[{"start":{"line":75,"column":17},"end":{"line":75,"column":26}},{"start":{"line":75,"column":30},"end":{"line":75,"column":34}}],"line":75},"7":{"loc":{"start":{"line":128,"column":4},"end":{"line":133,"column":5}},"type":"if","locations":[{"start":{"line":128,"column":4},"end":{"line":133,"column":5}},{"start":{},"end":{}}],"line":128},"8":{"loc":{"start":{"line":128,"column":8},"end":{"line":128,"column":27}},"type":"binary-expr","locations":[{"start":{"line":128,"column":8},"end":{"line":128,"column":14}},{"start":{"line":128,"column":18},"end":{"line":128,"column":27}}],"line":128},"9":{"loc":{"start":{"line":141,"column":4},"end":{"line":146,"column":5}},"type":"if","locations":[{"start":{"line":141,"column":4},"end":{"line":146,"column":5}},{"start":{},"end":{}}],"line":141},"10":{"loc":{"start":{"line":149,"column":4},"end":{"line":154,"column":5}},"type":"if","locations":[{"start":{"line":149,"column":4},"end":{"line":154,"column":5}},{"start":{},"end":{}}],"line":149},"11":{"loc":{"start":{"line":160,"column":4},"end":{"line":165,"column":5}},"type":"if","locations":[{"start":{"line":160,"column":4},"end":{"line":165,"column":5}},{"start":{},"end":{}}],"line":160},"12":{"loc":{"start":{"line":218,"column":4},"end":{"line":223,"column":5}},"type":"if","locations":[{"start":{"line":218,"column":4},"end":{"line":223,"column":5}},{"start":{},"end":{}}],"line":218},"13":{"loc":{"start":{"line":264,"column":4},"end":{"line":269,"column":5}},"type":"if","locations":[{"start":{"line":264,"column":4},"end":{"line":269,"column":5}},{"start":{},"end":{}}],"line":264},"14":{"loc":{"start":{"line":273,"column":4},"end":{"line":273,"column":54}},"type":"if","locations":[{"start":{"line":273,"column":4},"end":{"line":273,"column":54}},{"start":{},"end":{}}],"line":273},"15":{"loc":{"start":{"line":274,"column":4},"end":{"line":274,"column":60}},"type":"if","locations":[{"start":{"line":274,"column":4},"end":{"line":274,"column":60}},{"start":{},"end":{}}],"line":274},"16":{"loc":{"start":{"line":275,"column":4},"end":{"line":275,"column":60}},"type":"if","locations":[{"start":{"line":275,"column":4},"end":{"line":275,"column":60}},{"start":{},"end":{}}],"line":275},"17":{"loc":{"start":{"line":276,"column":4},"end":{"line":276,"column":63}},"type":"if","locations":[{"start":{"line":276,"column":4},"end":{"line":276,"column":63}},{"start":{},"end":{}}],"line":276},"18":{"loc":{"start":{"line":318,"column":4},"end":{"line":323,"column":5}},"type":"if","locations":[{"start":{"line":318,"column":4},"end":{"line":323,"column":5}},{"start":{},"end":{}}],"line":318},"19":{"loc":{"start":{"line":318,"column":8},"end":{"line":318,"column":41}},"type":"binary-expr","locations":[{"start":{"line":318,"column":8},"end":{"line":318,"column":23}},{"start":{"line":318,"column":27},"end":{"line":318,"column":41}}],"line":318},"20":{"loc":{"start":{"line":326,"column":4},"end":{"line":331,"column":5}},"type":"if","locations":[{"start":{"line":326,"column":4},"end":{"line":331,"column":5}},{"start":{},"end":{}}],"line":326},"21":{"loc":{"start":{"line":336,"column":4},"end":{"line":341,"column":5}},"type":"if","locations":[{"start":{"line":336,"column":4},"end":{"line":341,"column":5}},{"start":{},"end":{}}],"line":336},"22":{"loc":{"start":{"line":346,"column":4},"end":{"line":351,"column":5}},"type":"if","locations":[{"start":{"line":346,"column":4},"end":{"line":351,"column":5}},{"start":{},"end":{}}],"line":346}},"s":{"0":1,"1":1,"2":1,"3":1,"4":1,"5":1,"6":0,"7":1,"8":1,"9":0,"10":1,"11":0,"12":1,"13":1,"14":0,"15":1,"16":1,"17":1,"18":1,"19":1,"20":0,"21":0,"22":1,"23":4,"24":4,"25":4,"26":0,"27":4,"28":4,"29":1,"30":3,"31":0,"32":3,"33":3,"34":0,"35":3,"36":3,"37":3,"38":3,"39":0,"40":0,"41":1,"42":1,"43":1,"44":1,"45":0,"46":1,"47":0,"48":0,"49":1,"50":0,"51":0,"52":0,"53":0,"54":0,"55":0,"56":0,"57":0,"58":0,"59":0,"60":0,"61":0,"62":0,"63":0,"64":0,"65":0,"66":0,"67":1,"68":0,"69":0,"70":0,"71":0,"72":0,"73":0,"74":0,"75":0,"76":0,"77":0,"78":0,"79":0,"80":0,"81":0,"82":0,"83":0,"84":0,"85":1},"f":{"0":1,"1":4,"2":1,"3":0,"4":0},"b":{"0":[0,1],"1":[1,1,1,1],"2":[0,1],"3":[0,1],"4":[0,1],"5":[1,0],"6":[1,0],"7":[0,4],"8":[4,4],"9":[1,3],"10":[0,3],"11":[0,3],"12":[0,1],"13":[0,0],"14":[0,0],"15":[0,0],"16":[0,0],"17":[0,0],"18":[0,0],"19":[0,0],"20":[0,0],"21":[0,0],"22":[0,0]},"_coverageSchema":"1a1c01bbd47fc00a2c39e90264f33305004495a9","hash":"221f57479cce92791585025f2b321d3483cf234a"}
,"C:\\Users\\LARAUSE\\Desktop\\Instructor Sena\\2026\\Trimestre 1\\3206404 Articulacion\\software\\backend\\controllers\\carrito.controller.js": {"path":"C:\\Users\\LARAUSE\\Desktop\\Instructor Sena\\2026\\Trimestre 1\\3206404 Articulacion\\software\\backend\\controllers\\carrito.controller.js","statementMap":{"0":{"start":{"line":10,"column":16},"end":{"line":10,"column":44}},"1":{"start":{"line":11,"column":17},"end":{"line":11,"column":46}},"2":{"start":{"line":12,"column":18},"end":{"line":12,"column":48}},"3":{"start":{"line":13,"column":21},"end":{"line":13,"column":54}},"4":{"start":{"line":23,"column":19},"end":{"line":77,"column":1}},"5":{"start":{"line":24,"column":2},"end":{"line":76,"column":3}},"6":{"start":{"line":26,"column":25},"end":{"line":48,"column":6}},"7":{"start":{"line":51,"column":16},"end":{"line":51,"column":17}},"8":{"start":{"line":52,"column":4},"end":{"line":54,"column":7}},"9":{"start":{"line":53,"column":6},"end":{"line":53,"column":63}},"10":{"start":{"line":57,"column":4},"end":{"line":67,"column":7}},"11":{"start":{"line":63,"column":60},"end":{"line":63,"column":79}},"12":{"start":{"line":70,"column":4},"end":{"line":70,"column":49}},"13":{"start":{"line":71,"column":4},"end":{"line":75,"column":7}},"14":{"start":{"line":88,"column":25},"end":{"line":209,"column":1}},"15":{"start":{"line":89,"column":2},"end":{"line":208,"column":3}},"16":{"start":{"line":90,"column":41},"end":{"line":90,"column":49}},"17":{"start":{"line":93,"column":4},"end":{"line":98,"column":5}},"18":{"start":{"line":94,"column":6},"end":{"line":97,"column":9}},"19":{"start":{"line":101,"column":24},"end":{"line":101,"column":42}},"20":{"start":{"line":102,"column":4},"end":{"line":107,"column":5}},"21":{"start":{"line":103,"column":6},"end":{"line":106,"column":9}},"22":{"start":{"line":110,"column":21},"end":{"line":110,"column":56}},"23":{"start":{"line":112,"column":4},"end":{"line":117,"column":5}},"24":{"start":{"line":113,"column":6},"end":{"line":116,"column":9}},"25":{"start":{"line":119,"column":4},"end":{"line":124,"column":5}},"26":{"start":{"line":120,"column":6},"end":{"line":123,"column":9}},"27":{"start":{"line":127,"column":26},"end":{"line":132,"column":6}},"28":{"start":{"line":134,"column":4},"end":{"line":165,"column":5}},"29":{"start":{"line":136,"column":28},"end":{"line":136,"column":64}},"30":{"start":{"line":139,"column":6},"end":{"line":144,"column":7}},"31":{"start":{"line":140,"column":8},"end":{"line":143,"column":11}},"32":{"start":{"line":146,"column":6},"end":{"line":146,"column":45}},"33":{"start":{"line":147,"column":6},"end":{"line":147,"column":33}},"34":{"start":{"line":150,"column":6},"end":{"line":156,"column":9}},"35":{"start":{"line":158,"column":6},"end":{"line":164,"column":9}},"36":{"start":{"line":168,"column":4},"end":{"line":173,"column":5}},"37":{"start":{"line":169,"column":6},"end":{"line":172,"column":9}},"38":{"start":{"line":176,"column":22},"end":{"line":181,"column":6}},"39":{"start":{"line":184,"column":4},"end":{"line":190,"column":7}},"40":{"start":{"line":193,"column":4},"end":{"line":199,"column":7}},"41":{"start":{"line":202,"column":4},"end":{"line":202,"column":55}},"42":{"start":{"line":203,"column":4},"end":{"line":207,"column":7}},"43":{"start":{"line":220,"column":30},"end":{"line":283,"column":1}},"44":{"start":{"line":221,"column":2},"end":{"line":282,"column":3}},"45":{"start":{"line":222,"column":19},"end":{"line":222,"column":29}},"46":{"start":{"line":223,"column":25},"end":{"line":223,"column":33}},"47":{"start":{"line":226,"column":24},"end":{"line":226,"column":42}},"48":{"start":{"line":227,"column":4},"end":{"line":232,"column":5}},"49":{"start":{"line":228,"column":6},"end":{"line":231,"column":9}},"50":{"start":{"line":235,"column":17},"end":{"line":245,"column":6}},"51":{"start":{"line":247,"column":4},"end":{"line":252,"column":5}},"52":{"start":{"line":248,"column":6},"end":{"line":251,"column":9}},"53":{"start":{"line":255,"column":4},"end":{"line":260,"column":5}},"54":{"start":{"line":256,"column":6},"end":{"line":259,"column":9}},"55":{"start":{"line":263,"column":4},"end":{"line":263,"column":32}},"56":{"start":{"line":264,"column":4},"end":{"line":264,"column":22}},"57":{"start":{"line":267,"column":4},"end":{"line":273,"column":7}},"58":{"start":{"line":276,"column":4},"end":{"line":276,"column":60}},"59":{"start":{"line":277,"column":4},"end":{"line":281,"column":7}},"60":{"start":{"line":293,"column":28},"end":{"line":329,"column":1}},"61":{"start":{"line":294,"column":2},"end":{"line":328,"column":3}},"62":{"start":{"line":295,"column":19},"end":{"line":295,"column":29}},"63":{"start":{"line":298,"column":17},"end":{"line":303,"column":6}},"64":{"start":{"line":305,"column":4},"end":{"line":310,"column":5}},"65":{"start":{"line":306,"column":6},"end":{"line":309,"column":9}},"66":{"start":{"line":313,"column":4},"end":{"line":313,"column":25}},"67":{"start":{"line":316,"column":4},"end":{"line":319,"column":7}},"68":{"start":{"line":322,"column":4},"end":{"line":322,"column":58}},"69":{"start":{"line":323,"column":4},"end":{"line":327,"column":7}},"70":{"start":{"line":339,"column":22},"end":{"line":362,"column":1}},"71":{"start":{"line":340,"column":2},"end":{"line":361,"column":3}},"72":{"start":{"line":342,"column":28},"end":{"line":344,"column":6}},"73":{"start":{"line":346,"column":4},"end":{"line":352,"column":7}},"74":{"start":{"line":355,"column":4},"end":{"line":355,"column":52}},"75":{"start":{"line":356,"column":4},"end":{"line":360,"column":7}},"76":{"start":{"line":365,"column":0},"end":{"line":371,"column":2}}},"fnMap":{"0":{"name":"(anonymous_0)","decl":{"start":{"line":23,"column":19},"end":{"line":23,"column":20}},"loc":{"start":{"line":23,"column":39},"end":{"line":77,"column":1}},"line":23},"1":{"name":"(anonymous_1)","decl":{"start":{"line":52,"column":25},"end":{"line":52,"column":26}},"loc":{"start":{"line":52,"column":33},"end":{"line":54,"column":5}},"line":52},"2":{"name":"(anonymous_2)","decl":{"start":{"line":63,"column":45},"end":{"line":63,"column":46}},"loc":{"start":{"line":63,"column":60},"end":{"line":63,"column":79}},"line":63},"3":{"name":"(anonymous_3)","decl":{"start":{"line":88,"column":25},"end":{"line":88,"column":26}},"loc":{"start":{"line":88,"column":45},"end":{"line":209,"column":1}},"line":88},"4":{"name":"(anonymous_4)","decl":{"start":{"line":220,"column":30},"end":{"line":220,"column":31}},"loc":{"start":{"line":220,"column":50},"end":{"line":283,"column":1}},"line":220},"5":{"name":"(anonymous_5)","decl":{"start":{"line":293,"column":28},"end":{"line":293,"column":29}},"loc":{"start":{"line":293,"column":48},"end":{"line":329,"column":1}},"line":293},"6":{"name":"(anonymous_6)","decl":{"start":{"line":339,"column":22},"end":{"line":339,"column":23}},"loc":{"start":{"line":339,"column":42},"end":{"line":362,"column":1}},"line":339}},"branchMap":{"0":{"loc":{"start":{"line":90,"column":24},"end":{"line":90,"column":36}},"type":"default-arg","locations":[{"start":{"line":90,"column":35},"end":{"line":90,"column":36}}],"line":90},"1":{"loc":{"start":{"line":93,"column":4},"end":{"line":98,"column":5}},"type":"if","locations":[{"start":{"line":93,"column":4},"end":{"line":98,"column":5}},{"start":{},"end":{}}],"line":93},"2":{"loc":{"start":{"line":102,"column":4},"end":{"line":107,"column":5}},"type":"if","locations":[{"start":{"line":102,"column":4},"end":{"line":107,"column":5}},{"start":{},"end":{}}],"line":102},"3":{"loc":{"start":{"line":112,"column":4},"end":{"line":117,"column":5}},"type":"if","locations":[{"start":{"line":112,"column":4},"end":{"line":117,"column":5}},{"start":{},"end":{}}],"line":112},"4":{"loc":{"start":{"line":119,"column":4},"end":{"line":124,"column":5}},"type":"if","locations":[{"start":{"line":119,"column":4},"end":{"line":124,"column":5}},{"start":{},"end":{}}],"line":119},"5":{"loc":{"start":{"line":134,"column":4},"end":{"line":165,"column":5}},"type":"if","locations":[{"start":{"line":134,"column":4},"end":{"line":165,"column":5}},{"start":{},"end":{}}],"line":134},"6":{"loc":{"start":{"line":139,"column":6},"end":{"line":144,"column":7}},"type":"if","locations":[{"start":{"line":139,"column":6},"end":{"line":144,"column":7}},{"start":{},"end":{}}],"line":139},"7":{"loc":{"start":{"line":168,"column":4},"end":{"line":173,"column":5}},"type":"if","locations":[{"start":{"line":168,"column":4},"end":{"line":173,"column":5}},{"start":{},"end":{}}],"line":168},"8":{"loc":{"start":{"line":227,"column":4},"end":{"line":232,"column":5}},"type":"if","locations":[{"start":{"line":227,"column":4},"end":{"line":232,"column":5}},{"start":{},"end":{}}],"line":227},"9":{"loc":{"start":{"line":247,"column":4},"end":{"line":252,"column":5}},"type":"if","locations":[{"start":{"line":247,"column":4},"end":{"line":252,"column":5}},{"start":{},"end":{}}],"line":247},"10":{"loc":{"start":{"line":255,"column":4},"end":{"line":260,"column":5}},"type":"if","locations":[{"start":{"line":255,"column":4},"end":{"line":260,"column":5}},{"start":{},"end":{}}],"line":255},"11":{"loc":{"start":{"line":305,"column":4},"end":{"line":310,"column":5}},"type":"if","locations":[{"start":{"line":305,"column":4},"end":{"line":310,"column":5}},{"start":{},"end":{}}],"line":305}},"s":{"0":1,"1":1,"2":1,"3":1,"4":1,"5":1,"6":1,"7":1,"8":1,"9":1,"10":1,"11":1,"12":0,"13":0,"14":1,"15":1,"16":1,"17":1,"18":0,"19":1,"20":1,"21":0,"22":1,"23":1,"24":0,"25":1,"26":0,"27":1,"28":1,"29":0,"30":0,"31":0,"32":0,"33":0,"34":0,"35":0,"36":1,"37":0,"38":1,"39":1,"40":1,"41":0,"42":0,"43":1,"44":0,"45":0,"46":0,"47":0,"48":0,"49":0,"50":0,"51":0,"52":0,"53":0,"54":0,"55":0,"56":0,"57":0,"58":0,"59":0,"60":1,"61":0,"62":0,"63":0,"64":0,"65":0,"66":0,"67":0,"68":0,"69":0,"70":1,"71":0,"72":0,"73":0,"74":0,"75":0,"76":1},"f":{"0":1,"1":1,"2":1,"3":1,"4":0,"5":0,"6":0},"b":{"0":[0],"1":[0,1],"2":[0,1],"3":[0,1],"4":[0,1],"5":[0,1],"6":[0,0],"7":[0,1],"8":[0,0],"9":[0,0],"10":[0,0],"11":[0,0]},"_coverageSchema":"1a1c01bbd47fc00a2c39e90264f33305004495a9","hash":"74718cb036cdd64b657547e8857fb7a58c966c88"}
,"C:\\Users\\LARAUSE\\Desktop\\Instructor Sena\\2026\\Trimestre 1\\3206404 Articulacion\\software\\backend\\controllers\\catalogo.controller.js": {"path":"C:\\Users\\LARAUSE\\Desktop\\Instructor Sena\\2026\\Trimestre 1\\3206404 Articulacion\\software\\backend\\controllers\\catalogo.controller.js","statementMap":{"0":{"start":{"line":10,"column":17},"end":{"line":10,"column":46}},"1":{"start":{"line":11,"column":18},"end":{"line":11,"column":48}},"2":{"start":{"line":12,"column":21},"end":{"line":12,"column":54}},"3":{"start":{"line":31,"column":21},"end":{"line":136,"column":1}},"4":{"start":{"line":32,"column":2},"end":{"line":135,"column":3}},"5":{"start":{"line":42,"column":8},"end":{"line":42,"column":17}},"6":{"start":{"line":44,"column":19},"end":{"line":44,"column":39}},"7":{"start":{"line":47,"column":18},"end":{"line":50,"column":5}},"8":{"start":{"line":53,"column":4},"end":{"line":53,"column":53}},"9":{"start":{"line":53,"column":21},"end":{"line":53,"column":53}},"10":{"start":{"line":54,"column":4},"end":{"line":54,"column":62}},"11":{"start":{"line":54,"column":24},"end":{"line":54,"column":62}},"12":{"start":{"line":57,"column":4},"end":{"line":62,"column":5}},"13":{"start":{"line":58,"column":6},"end":{"line":61,"column":8}},"14":{"start":{"line":65,"column":4},"end":{"line":69,"column":5}},"15":{"start":{"line":66,"column":6},"end":{"line":66,"column":24}},"16":{"start":{"line":67,"column":6},"end":{"line":67,"column":66}},"17":{"start":{"line":67,"column":21},"end":{"line":67,"column":66}},"18":{"start":{"line":68,"column":6},"end":{"line":68,"column":66}},"19":{"start":{"line":68,"column":21},"end":{"line":68,"column":66}},"20":{"start":{"line":73,"column":4},"end":{"line":87,"column":5}},"21":{"start":{"line":75,"column":8},"end":{"line":75,"column":36}},"22":{"start":{"line":76,"column":8},"end":{"line":76,"column":14}},"23":{"start":{"line":78,"column":8},"end":{"line":78,"column":37}},"24":{"start":{"line":79,"column":8},"end":{"line":79,"column":14}},"25":{"start":{"line":81,"column":8},"end":{"line":81,"column":36}},"26":{"start":{"line":82,"column":8},"end":{"line":82,"column":14}},"27":{"start":{"line":85,"column":8},"end":{"line":85,"column":40}},"28":{"start":{"line":86,"column":8},"end":{"line":86,"column":14}},"29":{"start":{"line":90,"column":19},"end":{"line":90,"column":60}},"30":{"start":{"line":93,"column":39},"end":{"line":112,"column":6}},"31":{"start":{"line":115,"column":4},"end":{"line":126,"column":7}},"32":{"start":{"line":129,"column":4},"end":{"line":129,"column":51}},"33":{"start":{"line":130,"column":4},"end":{"line":134,"column":7}},"34":{"start":{"line":146,"column":24},"end":{"line":195,"column":1}},"35":{"start":{"line":147,"column":2},"end":{"line":194,"column":3}},"36":{"start":{"line":148,"column":19},"end":{"line":148,"column":29}},"37":{"start":{"line":151,"column":21},"end":{"line":170,"column":6}},"38":{"start":{"line":172,"column":4},"end":{"line":177,"column":5}},"39":{"start":{"line":173,"column":6},"end":{"line":176,"column":9}},"40":{"start":{"line":180,"column":4},"end":{"line":185,"column":7}},"41":{"start":{"line":188,"column":4},"end":{"line":188,"column":54}},"42":{"start":{"line":189,"column":4},"end":{"line":193,"column":7}},"43":{"start":{"line":206,"column":22},"end":{"line":251,"column":1}},"44":{"start":{"line":207,"column":2},"end":{"line":250,"column":3}},"45":{"start":{"line":208,"column":19},"end":{"line":208,"column":39}},"46":{"start":{"line":211,"column":23},"end":{"line":215,"column":6}},"47":{"start":{"line":218,"column":34},"end":{"line":233,"column":5}},"48":{"start":{"line":220,"column":31},"end":{"line":226,"column":10}},"49":{"start":{"line":228,"column":8},"end":{"line":231,"column":10}},"50":{"start":{"line":236,"column":4},"end":{"line":241,"column":7}},"51":{"start":{"line":244,"column":4},"end":{"line":244,"column":52}},"52":{"start":{"line":245,"column":4},"end":{"line":249,"column":7}},"53":{"start":{"line":261,"column":37},"end":{"line":326,"column":1}},"54":{"start":{"line":262,"column":2},"end":{"line":325,"column":3}},"55":{"start":{"line":263,"column":19},"end":{"line":263,"column":29}},"56":{"start":{"line":264,"column":19},"end":{"line":264,"column":39}},"57":{"start":{"line":267,"column":22},"end":{"line":269,"column":6}},"58":{"start":{"line":271,"column":4},"end":{"line":276,"column":5}},"59":{"start":{"line":272,"column":6},"end":{"line":275,"column":9}},"60":{"start":{"line":279,"column":26},"end":{"line":286,"column":6}},"61":{"start":{"line":289,"column":37},"end":{"line":304,"column":5}},"62":{"start":{"line":291,"column":31},"end":{"line":297,"column":10}},"63":{"start":{"line":299,"column":8},"end":{"line":302,"column":10}},"64":{"start":{"line":307,"column":4},"end":{"line":316,"column":7}},"65":{"start":{"line":319,"column":4},"end":{"line":319,"column":67}},"66":{"start":{"line":320,"column":4},"end":{"line":324,"column":7}},"67":{"start":{"line":337,"column":31},"end":{"line":381,"column":1}},"68":{"start":{"line":338,"column":2},"end":{"line":380,"column":3}},"69":{"start":{"line":339,"column":27},"end":{"line":339,"column":36}},"70":{"start":{"line":340,"column":19},"end":{"line":340,"column":39}},"71":{"start":{"line":343,"column":22},"end":{"line":364,"column":6}},"72":{"start":{"line":366,"column":4},"end":{"line":371,"column":7}},"73":{"start":{"line":374,"column":4},"end":{"line":374,"column":61}},"74":{"start":{"line":375,"column":4},"end":{"line":379,"column":7}},"75":{"start":{"line":384,"column":0},"end":{"line":390,"column":2}}},"fnMap":{"0":{"name":"(anonymous_0)","decl":{"start":{"line":31,"column":21},"end":{"line":31,"column":22}},"loc":{"start":{"line":31,"column":41},"end":{"line":136,"column":1}},"line":31},"1":{"name":"(anonymous_1)","decl":{"start":{"line":146,"column":24},"end":{"line":146,"column":25}},"loc":{"start":{"line":146,"column":44},"end":{"line":195,"column":1}},"line":146},"2":{"name":"(anonymous_2)","decl":{"start":{"line":206,"column":22},"end":{"line":206,"column":23}},"loc":{"start":{"line":206,"column":42},"end":{"line":251,"column":1}},"line":206},"3":{"name":"(anonymous_3)","decl":{"start":{"line":219,"column":21},"end":{"line":219,"column":22}},"loc":{"start":{"line":219,"column":42},"end":{"line":232,"column":7}},"line":219},"4":{"name":"(anonymous_4)","decl":{"start":{"line":261,"column":37},"end":{"line":261,"column":38}},"loc":{"start":{"line":261,"column":57},"end":{"line":326,"column":1}},"line":261},"5":{"name":"(anonymous_5)","decl":{"start":{"line":290,"column":24},"end":{"line":290,"column":25}},"loc":{"start":{"line":290,"column":48},"end":{"line":303,"column":7}},"line":290},"6":{"name":"(anonymous_6)","decl":{"start":{"line":337,"column":31},"end":{"line":337,"column":32}},"loc":{"start":{"line":337,"column":51},"end":{"line":381,"column":1}},"line":337}},"branchMap":{"0":{"loc":{"start":{"line":39,"column":6},"end":{"line":39,"column":24}},"type":"default-arg","locations":[{"start":{"line":39,"column":14},"end":{"line":39,"column":24}}],"line":39},"1":{"loc":{"start":{"line":40,"column":6},"end":{"line":40,"column":16}},"type":"default-arg","locations":[{"start":{"line":40,"column":15},"end":{"line":40,"column":16}}],"line":40},"2":{"loc":{"start":{"line":41,"column":6},"end":{"line":41,"column":17}},"type":"default-arg","locations":[{"start":{"line":41,"column":15},"end":{"line":41,"column":17}}],"line":41},"3":{"loc":{"start":{"line":53,"column":4},"end":{"line":53,"column":53}},"type":"if","locations":[{"start":{"line":53,"column":4},"end":{"line":53,"column":53}},{"start":{},"end":{}}],"line":53},"4":{"loc":{"start":{"line":54,"column":4},"end":{"line":54,"column":62}},"type":"if","locations":[{"start":{"line":54,"column":4},"end":{"line":54,"column":62}},{"start":{},"end":{}}],"line":54},"5":{"loc":{"start":{"line":57,"column":4},"end":{"line":62,"column":5}},"type":"if","locations":[{"start":{"line":57,"column":4},"end":{"line":62,"column":5}},{"start":{},"end":{}}],"line":57},"6":{"loc":{"start":{"line":65,"column":4},"end":{"line":69,"column":5}},"type":"if","locations":[{"start":{"line":65,"column":4},"end":{"line":69,"column":5}},{"start":{},"end":{}}],"line":65},"7":{"loc":{"start":{"line":65,"column":8},"end":{"line":65,"column":30}},"type":"binary-expr","locations":[{"start":{"line":65,"column":8},"end":{"line":65,"column":17}},{"start":{"line":65,"column":21},"end":{"line":65,"column":30}}],"line":65},"8":{"loc":{"start":{"line":67,"column":6},"end":{"line":67,"column":66}},"type":"if","locations":[{"start":{"line":67,"column":6},"end":{"line":67,"column":66}},{"start":{},"end":{}}],"line":67},"9":{"loc":{"start":{"line":68,"column":6},"end":{"line":68,"column":66}},"type":"if","locations":[{"start":{"line":68,"column":6},"end":{"line":68,"column":66}},{"start":{},"end":{}}],"line":68},"10":{"loc":{"start":{"line":73,"column":4},"end":{"line":87,"column":5}},"type":"switch","locations":[{"start":{"line":74,"column":6},"end":{"line":76,"column":14}},{"start":{"line":77,"column":6},"end":{"line":79,"column":14}},{"start":{"line":80,"column":6},"end":{"line":82,"column":14}},{"start":{"line":83,"column":6},"end":{"line":83,"column":22}},{"start":{"line":84,"column":6},"end":{"line":86,"column":14}}],"line":73},"11":{"loc":{"start":{"line":172,"column":4},"end":{"line":177,"column":5}},"type":"if","locations":[{"start":{"line":172,"column":4},"end":{"line":177,"column":5}},{"start":{},"end":{}}],"line":172},"12":{"loc":{"start":{"line":271,"column":4},"end":{"line":276,"column":5}},"type":"if","locations":[{"start":{"line":271,"column":4},"end":{"line":276,"column":5}},{"start":{},"end":{}}],"line":271},"13":{"loc":{"start":{"line":339,"column":12},"end":{"line":339,"column":22}},"type":"default-arg","locations":[{"start":{"line":339,"column":21},"end":{"line":339,"column":22}}],"line":339}},"s":{"0":1,"1":1,"2":1,"3":1,"4":2,"5":2,"6":2,"7":2,"8":2,"9":0,"10":2,"11":0,"12":2,"13":0,"14":2,"15":0,"16":0,"17":0,"18":0,"19":0,"20":2,"21":0,"22":0,"23":0,"24":0,"25":0,"26":0,"27":2,"28":2,"29":2,"30":2,"31":2,"32":0,"33":0,"34":1,"35":1,"36":1,"37":1,"38":1,"39":0,"40":1,"41":0,"42":0,"43":1,"44":1,"45":1,"46":1,"47":1,"48":25,"49":25,"50":1,"51":0,"52":0,"53":1,"54":1,"55":1,"56":1,"57":1,"58":1,"59":0,"60":1,"61":1,"62":9,"63":9,"64":1,"65":0,"66":0,"67":1,"68":0,"69":0,"70":0,"71":0,"72":0,"73":0,"74":0,"75":1},"f":{"0":2,"1":1,"2":1,"3":25,"4":1,"5":9,"6":0},"b":{"0":[2],"1":[2],"2":[2],"3":[0,2],"4":[0,2],"5":[0,2],"6":[0,2],"7":[2,2],"8":[0,0],"9":[0,0],"10":[0,0,0,2,2],"11":[0,1],"12":[0,1],"13":[0]},"_coverageSchema":"1a1c01bbd47fc00a2c39e90264f33305004495a9","hash":"2d2cc662f089ea0eb4459414bff227f1d1a818c8"}
,"C:\\Users\\LARAUSE\\Desktop\\Instructor Sena\\2026\\Trimestre 1\\3206404 Articulacion\\software\\backend\\controllers\\categoria.controller.js": {"path":"C:\\Users\\LARAUSE\\Desktop\\Instructor Sena\\2026\\Trimestre 1\\3206404 Articulacion\\software\\backend\\controllers\\categoria.controller.js","statementMap":{"0":{"start":{"line":10,"column":18},"end":{"line":10,"column":48}},"1":{"start":{"line":11,"column":21},"end":{"line":11,"column":54}},"2":{"start":{"line":12,"column":17},"end":{"line":12,"column":46}},"3":{"start":{"line":25,"column":22},"end":{"line":68,"column":1}},"4":{"start":{"line":26,"column":2},"end":{"line":67,"column":3}},"5":{"start":{"line":27,"column":45},"end":{"line":27,"column":54}},"6":{"start":{"line":30,"column":21},"end":{"line":32,"column":5}},"7":{"start":{"line":35,"column":4},"end":{"line":37,"column":5}},"8":{"start":{"line":36,"column":6},"end":{"line":36,"column":53}},"9":{"start":{"line":40,"column":4},"end":{"line":46,"column":5}},"10":{"start":{"line":41,"column":6},"end":{"line":45,"column":9}},"11":{"start":{"line":49,"column":23},"end":{"line":49,"column":56}},"12":{"start":{"line":52,"column":4},"end":{"line":58,"column":7}},"13":{"start":{"line":61,"column":4},"end":{"line":61,"column":52}},"14":{"start":{"line":62,"column":4},"end":{"line":66,"column":7}},"15":{"start":{"line":78,"column":25},"end":{"line":126,"column":1}},"16":{"start":{"line":79,"column":2},"end":{"line":125,"column":3}},"17":{"start":{"line":80,"column":19},"end":{"line":80,"column":29}},"18":{"start":{"line":83,"column":22},"end":{"line":96,"column":6}},"19":{"start":{"line":98,"column":4},"end":{"line":103,"column":5}},"20":{"start":{"line":99,"column":6},"end":{"line":102,"column":9}},"21":{"start":{"line":106,"column":26},"end":{"line":106,"column":44}},"22":{"start":{"line":107,"column":4},"end":{"line":107,"column":66}},"23":{"start":{"line":108,"column":4},"end":{"line":108,"column":35}},"24":{"start":{"line":111,"column":4},"end":{"line":116,"column":7}},"25":{"start":{"line":119,"column":4},"end":{"line":119,"column":55}},"26":{"start":{"line":120,"column":4},"end":{"line":124,"column":7}},"27":{"start":{"line":137,"column":23},"end":{"line":195,"column":1}},"28":{"start":{"line":138,"column":2},"end":{"line":194,"column":3}},"29":{"start":{"line":139,"column":36},"end":{"line":139,"column":44}},"30":{"start":{"line":142,"column":4},"end":{"line":147,"column":5}},"31":{"start":{"line":143,"column":6},"end":{"line":146,"column":9}},"32":{"start":{"line":150,"column":31},"end":{"line":152,"column":6}},"33":{"start":{"line":154,"column":4},"end":{"line":159,"column":5}},"34":{"start":{"line":155,"column":6},"end":{"line":158,"column":9}},"35":{"start":{"line":162,"column":27},"end":{"line":166,"column":6}},"36":{"start":{"line":169,"column":4},"end":{"line":175,"column":7}},"37":{"start":{"line":178,"column":4},"end":{"line":178,"column":53}},"38":{"start":{"line":181,"column":4},"end":{"line":187,"column":5}},"39":{"start":{"line":182,"column":6},"end":{"line":186,"column":9}},"40":{"start":{"line":185,"column":38},"end":{"line":185,"column":47}},"41":{"start":{"line":189,"column":4},"end":{"line":193,"column":7}},"42":{"start":{"line":206,"column":28},"end":{"line":268,"column":1}},"43":{"start":{"line":207,"column":2},"end":{"line":267,"column":3}},"44":{"start":{"line":208,"column":19},"end":{"line":208,"column":29}},"45":{"start":{"line":209,"column":36},"end":{"line":209,"column":44}},"46":{"start":{"line":212,"column":22},"end":{"line":212,"column":50}},"47":{"start":{"line":214,"column":4},"end":{"line":219,"column":5}},"48":{"start":{"line":215,"column":6},"end":{"line":218,"column":9}},"49":{"start":{"line":222,"column":4},"end":{"line":233,"column":5}},"50":{"start":{"line":223,"column":38},"end":{"line":225,"column":8}},"51":{"start":{"line":227,"column":6},"end":{"line":232,"column":7}},"52":{"start":{"line":228,"column":8},"end":{"line":231,"column":11}},"53":{"start":{"line":236,"column":4},"end":{"line":236,"column":56}},"54":{"start":{"line":236,"column":30},"end":{"line":236,"column":56}},"55":{"start":{"line":237,"column":4},"end":{"line":237,"column":71}},"56":{"start":{"line":237,"column":35},"end":{"line":237,"column":71}},"57":{"start":{"line":240,"column":4},"end":{"line":240,"column":27}},"58":{"start":{"line":243,"column":4},"end":{"line":249,"column":7}},"59":{"start":{"line":252,"column":4},"end":{"line":252,"column":58}},"60":{"start":{"line":254,"column":4},"end":{"line":260,"column":5}},"61":{"start":{"line":255,"column":6},"end":{"line":259,"column":9}},"62":{"start":{"line":258,"column":38},"end":{"line":258,"column":47}},"63":{"start":{"line":262,"column":4},"end":{"line":266,"column":7}},"64":{"start":{"line":282,"column":24},"end":{"line":333,"column":1}},"65":{"start":{"line":283,"column":2},"end":{"line":332,"column":3}},"66":{"start":{"line":284,"column":19},"end":{"line":284,"column":29}},"67":{"start":{"line":287,"column":22},"end":{"line":287,"column":50}},"68":{"start":{"line":289,"column":4},"end":{"line":294,"column":5}},"69":{"start":{"line":290,"column":6},"end":{"line":293,"column":9}},"70":{"start":{"line":297,"column":24},"end":{"line":297,"column":41}},"71":{"start":{"line":298,"column":4},"end":{"line":298,"column":35}},"72":{"start":{"line":301,"column":4},"end":{"line":301,"column":27}},"73":{"start":{"line":304,"column":35},"end":{"line":306,"column":6}},"74":{"start":{"line":308,"column":31},"end":{"line":310,"column":6}},"75":{"start":{"line":313,"column":4},"end":{"line":323,"column":7}},"76":{"start":{"line":326,"column":4},"end":{"line":326,"column":54}},"77":{"start":{"line":327,"column":4},"end":{"line":331,"column":7}},"78":{"start":{"line":346,"column":26},"end":{"line":403,"column":1}},"79":{"start":{"line":347,"column":2},"end":{"line":402,"column":3}},"80":{"start":{"line":348,"column":19},"end":{"line":348,"column":29}},"81":{"start":{"line":351,"column":22},"end":{"line":351,"column":50}},"82":{"start":{"line":353,"column":4},"end":{"line":358,"column":5}},"83":{"start":{"line":354,"column":6},"end":{"line":357,"column":9}},"84":{"start":{"line":361,"column":26},"end":{"line":363,"column":6}},"85":{"start":{"line":365,"column":4},"end":{"line":371,"column":5}},"86":{"start":{"line":366,"column":6},"end":{"line":370,"column":9}},"87":{"start":{"line":374,"column":22},"end":{"line":376,"column":6}},"88":{"start":{"line":378,"column":4},"end":{"line":384,"column":5}},"89":{"start":{"line":379,"column":6},"end":{"line":383,"column":9}},"90":{"start":{"line":387,"column":4},"end":{"line":387,"column":30}},"91":{"start":{"line":390,"column":4},"end":{"line":393,"column":7}},"92":{"start":{"line":396,"column":4},"end":{"line":396,"column":56}},"93":{"start":{"line":397,"column":4},"end":{"line":401,"column":7}},"94":{"start":{"line":419,"column":33},"end":{"line":502,"column":1}},"95":{"start":{"line":420,"column":2},"end":{"line":501,"column":3}},"96":{"start":{"line":421,"column":19},"end":{"line":421,"column":29}},"97":{"start":{"line":424,"column":22},"end":{"line":424,"column":50}},"98":{"start":{"line":426,"column":4},"end":{"line":431,"column":5}},"99":{"start":{"line":427,"column":6},"end":{"line":430,"column":9}},"100":{"start":{"line":434,"column":31},"end":{"line":436,"column":6}},"101":{"start":{"line":438,"column":33},"end":{"line":440,"column":6}},"102":{"start":{"line":443,"column":27},"end":{"line":445,"column":6}},"103":{"start":{"line":447,"column":29},"end":{"line":449,"column":6}},"104":{"start":{"line":452,"column":22},"end":{"line":455,"column":6}},"105":{"start":{"line":458,"column":31},"end":{"line":458,"column":32}},"106":{"start":{"line":459,"column":21},"end":{"line":459,"column":22}},"107":{"start":{"line":461,"column":4},"end":{"line":464,"column":7}},"108":{"start":{"line":462,"column":6},"end":{"line":462,"column":75}},"109":{"start":{"line":463,"column":6},"end":{"line":463,"column":35}},"110":{"start":{"line":467,"column":4},"end":{"line":492,"column":7}},"111":{"start":{"line":495,"column":4},"end":{"line":495,"column":63}},"112":{"start":{"line":496,"column":4},"end":{"line":500,"column":7}},"113":{"start":{"line":505,"column":0},"end":{"line":513,"column":2}}},"fnMap":{"0":{"name":"(anonymous_0)","decl":{"start":{"line":25,"column":22},"end":{"line":25,"column":23}},"loc":{"start":{"line":25,"column":42},"end":{"line":68,"column":1}},"line":25},"1":{"name":"(anonymous_1)","decl":{"start":{"line":78,"column":25},"end":{"line":78,"column":26}},"loc":{"start":{"line":78,"column":45},"end":{"line":126,"column":1}},"line":78},"2":{"name":"(anonymous_2)","decl":{"start":{"line":137,"column":23},"end":{"line":137,"column":24}},"loc":{"start":{"line":137,"column":43},"end":{"line":195,"column":1}},"line":137},"3":{"name":"(anonymous_3)","decl":{"start":{"line":185,"column":33},"end":{"line":185,"column":34}},"loc":{"start":{"line":185,"column":38},"end":{"line":185,"column":47}},"line":185},"4":{"name":"(anonymous_4)","decl":{"start":{"line":206,"column":28},"end":{"line":206,"column":29}},"loc":{"start":{"line":206,"column":48},"end":{"line":268,"column":1}},"line":206},"5":{"name":"(anonymous_5)","decl":{"start":{"line":258,"column":33},"end":{"line":258,"column":34}},"loc":{"start":{"line":258,"column":38},"end":{"line":258,"column":47}},"line":258},"6":{"name":"(anonymous_6)","decl":{"start":{"line":282,"column":24},"end":{"line":282,"column":25}},"loc":{"start":{"line":282,"column":44},"end":{"line":333,"column":1}},"line":282},"7":{"name":"(anonymous_7)","decl":{"start":{"line":346,"column":26},"end":{"line":346,"column":27}},"loc":{"start":{"line":346,"column":46},"end":{"line":403,"column":1}},"line":346},"8":{"name":"(anonymous_8)","decl":{"start":{"line":419,"column":33},"end":{"line":419,"column":34}},"loc":{"start":{"line":419,"column":53},"end":{"line":502,"column":1}},"line":419},"9":{"name":"(anonymous_9)","decl":{"start":{"line":461,"column":22},"end":{"line":461,"column":23}},"loc":{"start":{"line":461,"column":34},"end":{"line":464,"column":5}},"line":461}},"branchMap":{"0":{"loc":{"start":{"line":35,"column":4},"end":{"line":37,"column":5}},"type":"if","locations":[{"start":{"line":35,"column":4},"end":{"line":37,"column":5}},{"start":{},"end":{}}],"line":35},"1":{"loc":{"start":{"line":40,"column":4},"end":{"line":46,"column":5}},"type":"if","locations":[{"start":{"line":40,"column":4},"end":{"line":46,"column":5}},{"start":{},"end":{}}],"line":40},"2":{"loc":{"start":{"line":98,"column":4},"end":{"line":103,"column":5}},"type":"if","locations":[{"start":{"line":98,"column":4},"end":{"line":103,"column":5}},{"start":{},"end":{}}],"line":98},"3":{"loc":{"start":{"line":142,"column":4},"end":{"line":147,"column":5}},"type":"if","locations":[{"start":{"line":142,"column":4},"end":{"line":147,"column":5}},{"start":{},"end":{}}],"line":142},"4":{"loc":{"start":{"line":154,"column":4},"end":{"line":159,"column":5}},"type":"if","locations":[{"start":{"line":154,"column":4},"end":{"line":159,"column":5}},{"start":{},"end":{}}],"line":154},"5":{"loc":{"start":{"line":164,"column":19},"end":{"line":164,"column":38}},"type":"binary-expr","locations":[{"start":{"line":164,"column":19},"end":{"line":164,"column":30}},{"start":{"line":164,"column":34},"end":{"line":164,"column":38}}],"line":164},"6":{"loc":{"start":{"line":181,"column":4},"end":{"line":187,"column":5}},"type":"if","locations":[{"start":{"line":181,"column":4},"end":{"line":187,"column":5}},{"start":{},"end":{}}],"line":181},"7":{"loc":{"start":{"line":214,"column":4},"end":{"line":219,"column":5}},"type":"if","locations":[{"start":{"line":214,"column":4},"end":{"line":219,"column":5}},{"start":{},"end":{}}],"line":214},"8":{"loc":{"start":{"line":222,"column":4},"end":{"line":233,"column":5}},"type":"if","locations":[{"start":{"line":222,"column":4},"end":{"line":233,"column":5}},{"start":{},"end":{}}],"line":222},"9":{"loc":{"start":{"line":222,"column":8},"end":{"line":222,"column":45}},"type":"binary-expr","locations":[{"start":{"line":222,"column":8},"end":{"line":222,"column":14}},{"start":{"line":222,"column":18},"end":{"line":222,"column":45}}],"line":222},"10":{"loc":{"start":{"line":227,"column":6},"end":{"line":232,"column":7}},"type":"if","locations":[{"start":{"line":227,"column":6},"end":{"line":232,"column":7}},{"start":{},"end":{}}],"line":227},"11":{"loc":{"start":{"line":236,"column":4},"end":{"line":236,"column":56}},"type":"if","locations":[{"start":{"line":236,"column":4},"end":{"line":236,"column":56}},{"start":{},"end":{}}],"line":236},"12":{"loc":{"start":{"line":237,"column":4},"end":{"line":237,"column":71}},"type":"if","locations":[{"start":{"line":237,"column":4},"end":{"line":237,"column":71}},{"start":{},"end":{}}],"line":237},"13":{"loc":{"start":{"line":254,"column":4},"end":{"line":260,"column":5}},"type":"if","locations":[{"start":{"line":254,"column":4},"end":{"line":260,"column":5}},{"start":{},"end":{}}],"line":254},"14":{"loc":{"start":{"line":289,"column":4},"end":{"line":294,"column":5}},"type":"if","locations":[{"start":{"line":289,"column":4},"end":{"line":294,"column":5}},{"start":{},"end":{}}],"line":289},"15":{"loc":{"start":{"line":315,"column":28},"end":{"line":315,"column":68}},"type":"cond-expr","locations":[{"start":{"line":315,"column":42},"end":{"line":315,"column":52}},{"start":{"line":315,"column":55},"end":{"line":315,"column":68}}],"line":315},"16":{"loc":{"start":{"line":353,"column":4},"end":{"line":358,"column":5}},"type":"if","locations":[{"start":{"line":353,"column":4},"end":{"line":358,"column":5}},{"start":{},"end":{}}],"line":353},"17":{"loc":{"start":{"line":365,"column":4},"end":{"line":371,"column":5}},"type":"if","locations":[{"start":{"line":365,"column":4},"end":{"line":371,"column":5}},{"start":{},"end":{}}],"line":365},"18":{"loc":{"start":{"line":378,"column":4},"end":{"line":384,"column":5}},"type":"if","locations":[{"start":{"line":378,"column":4},"end":{"line":384,"column":5}},{"start":{},"end":{}}],"line":378},"19":{"loc":{"start":{"line":426,"column":4},"end":{"line":431,"column":5}},"type":"if","locations":[{"start":{"line":426,"column":4},"end":{"line":431,"column":5}},{"start":{},"end":{}}],"line":426}},"s":{"0":1,"1":1,"2":1,"3":1,"4":1,"5":1,"6":1,"7":1,"8":0,"9":1,"10":0,"11":1,"12":1,"13":0,"14":0,"15":1,"16":1,"17":1,"18":1,"19":1,"20":0,"21":1,"22":1,"23":1,"24":1,"25":0,"26":0,"27":1,"28":3,"29":3,"30":3,"31":0,"32":3,"33":3,"34":0,"35":3,"36":3,"37":0,"38":0,"39":0,"40":0,"41":0,"42":1,"43":1,"44":1,"45":1,"46":1,"47":1,"48":0,"49":1,"50":1,"51":1,"52":0,"53":1,"54":1,"55":1,"56":1,"57":1,"58":1,"59":0,"60":0,"61":0,"62":0,"63":0,"64":1,"65":0,"66":0,"67":0,"68":0,"69":0,"70":0,"71":0,"72":0,"73":0,"74":0,"75":0,"76":0,"77":0,"78":1,"79":1,"80":1,"81":1,"82":1,"83":0,"84":1,"85":1,"86":0,"87":1,"88":1,"89":0,"90":1,"91":1,"92":0,"93":0,"94":1,"95":0,"96":0,"97":0,"98":0,"99":0,"100":0,"101":0,"102":0,"103":0,"104":0,"105":0,"106":0,"107":0,"108":0,"109":0,"110":0,"111":0,"112":0,"113":1},"f":{"0":1,"1":1,"2":3,"3":0,"4":1,"5":0,"6":0,"7":1,"8":0,"9":0},"b":{"0":[0,1],"1":[0,1],"2":[0,1],"3":[0,3],"4":[0,3],"5":[3,0],"6":[0,0],"7":[0,1],"8":[1,0],"9":[1,1],"10":[0,1],"11":[1,0],"12":[1,0],"13":[0,0],"14":[0,0],"15":[0,0],"16":[0,1],"17":[0,1],"18":[0,1],"19":[0,0]},"_coverageSchema":"1a1c01bbd47fc00a2c39e90264f33305004495a9","hash":"4f9c5f6aeb3f28d50664de988883e4b0bbcaf795"}
,"C:\\Users\\LARAUSE\\Desktop\\Instructor Sena\\2026\\Trimestre 1\\3206404 Articulacion\\software\\backend\\controllers\\pedido.controller.js": {"path":"C:\\Users\\LARAUSE\\Desktop\\Instructor Sena\\2026\\Trimestre 1\\3206404 Articulacion\\software\\backend\\controllers\\pedido.controller.js","statementMap":{"0":{"start":{"line":10,"column":15},"end":{"line":10,"column":42}},"1":{"start":{"line":11,"column":22},"end":{"line":11,"column":56}},"2":{"start":{"line":12,"column":16},"end":{"line":12,"column":44}},"3":{"start":{"line":13,"column":17},"end":{"line":13,"column":46}},"4":{"start":{"line":14,"column":16},"end":{"line":14,"column":44}},"5":{"start":{"line":15,"column":18},"end":{"line":15,"column":48}},"6":{"start":{"line":16,"column":21},"end":{"line":16,"column":54}},"7":{"start":{"line":27,"column":20},"end":{"line":198,"column":1}},"8":{"start":{"line":29,"column":24},"end":{"line":29,"column":53}},"9":{"start":{"line":30,"column":12},"end":{"line":30,"column":41}},"10":{"start":{"line":32,"column":2},"end":{"line":197,"column":3}},"11":{"start":{"line":33,"column":84},"end":{"line":33,"column":92}},"12":{"start":{"line":36,"column":4},"end":{"line":42,"column":5}},"13":{"start":{"line":37,"column":6},"end":{"line":37,"column":25}},"14":{"start":{"line":38,"column":6},"end":{"line":41,"column":9}},"15":{"start":{"line":45,"column":4},"end":{"line":51,"column":5}},"16":{"start":{"line":46,"column":6},"end":{"line":46,"column":25}},"17":{"start":{"line":47,"column":6},"end":{"line":50,"column":9}},"18":{"start":{"line":54,"column":27},"end":{"line":54,"column":67}},"19":{"start":{"line":55,"column":4},"end":{"line":61,"column":5}},"20":{"start":{"line":56,"column":6},"end":{"line":56,"column":25}},"21":{"start":{"line":57,"column":6},"end":{"line":60,"column":9}},"22":{"start":{"line":64,"column":25},"end":{"line":72,"column":6}},"23":{"start":{"line":74,"column":4},"end":{"line":80,"column":5}},"24":{"start":{"line":75,"column":6},"end":{"line":75,"column":25}},"25":{"start":{"line":76,"column":6},"end":{"line":79,"column":9}},"26":{"start":{"line":83,"column":30},"end":{"line":83,"column":32}},"27":{"start":{"line":84,"column":22},"end":{"line":84,"column":23}},"28":{"start":{"line":86,"column":4},"end":{"line":105,"column":5}},"29":{"start":{"line":87,"column":23},"end":{"line":87,"column":36}},"30":{"start":{"line":90,"column":6},"end":{"line":93,"column":7}},"31":{"start":{"line":91,"column":8},"end":{"line":91,"column":75}},"32":{"start":{"line":92,"column":8},"end":{"line":92,"column":17}},"33":{"start":{"line":96,"column":6},"end":{"line":101,"column":7}},"34":{"start":{"line":97,"column":8},"end":{"line":99,"column":10}},"35":{"start":{"line":100,"column":8},"end":{"line":100,"column":17}},"36":{"start":{"line":104,"column":6},"end":{"line":104,"column":69}},"37":{"start":{"line":108,"column":4},"end":{"line":115,"column":5}},"38":{"start":{"line":109,"column":6},"end":{"line":109,"column":25}},"39":{"start":{"line":110,"column":6},"end":{"line":114,"column":9}},"40":{"start":{"line":118,"column":19},"end":{"line":126,"column":26}},"41":{"start":{"line":129,"column":27},"end":{"line":129,"column":29}},"42":{"start":{"line":131,"column":4},"end":{"line":148,"column":5}},"43":{"start":{"line":132,"column":23},"end":{"line":132,"column":36}},"44":{"start":{"line":135,"column":22},"end":{"line":141,"column":28}},"45":{"start":{"line":143,"column":6},"end":{"line":143,"column":35}},"46":{"start":{"line":146,"column":6},"end":{"line":146,"column":38}},"47":{"start":{"line":147,"column":6},"end":{"line":147,"column":46}},"48":{"start":{"line":151,"column":4},"end":{"line":154,"column":7}},"49":{"start":{"line":157,"column":4},"end":{"line":157,"column":21}},"50":{"start":{"line":160,"column":4},"end":{"line":177,"column":7}},"51":{"start":{"line":180,"column":4},"end":{"line":186,"column":7}},"52":{"start":{"line":190,"column":4},"end":{"line":190,"column":23}},"53":{"start":{"line":191,"column":4},"end":{"line":191,"column":50}},"54":{"start":{"line":192,"column":4},"end":{"line":196,"column":7}},"55":{"start":{"line":209,"column":22},"end":{"line":261,"column":1}},"56":{"start":{"line":210,"column":2},"end":{"line":260,"column":3}},"57":{"start":{"line":211,"column":48},"end":{"line":211,"column":57}},"58":{"start":{"line":214,"column":18},"end":{"line":214,"column":47}},"59":{"start":{"line":215,"column":4},"end":{"line":215,"column":38}},"60":{"start":{"line":215,"column":16},"end":{"line":215,"column":38}},"61":{"start":{"line":218,"column":19},"end":{"line":218,"column":60}},"62":{"start":{"line":221,"column":37},"end":{"line":237,"column":6}},"63":{"start":{"line":240,"column":4},"end":{"line":251,"column":7}},"64":{"start":{"line":254,"column":4},"end":{"line":254,"column":52}},"65":{"start":{"line":255,"column":4},"end":{"line":259,"column":7}},"66":{"start":{"line":273,"column":22},"end":{"line":339,"column":1}},"67":{"start":{"line":274,"column":2},"end":{"line":338,"column":3}},"68":{"start":{"line":275,"column":19},"end":{"line":275,"column":29}},"69":{"start":{"line":278,"column":18},"end":{"line":278,"column":24}},"70":{"start":{"line":279,"column":4},"end":{"line":281,"column":5}},"71":{"start":{"line":280,"column":6},"end":{"line":280,"column":39}},"72":{"start":{"line":284,"column":19},"end":{"line":314,"column":6}},"73":{"start":{"line":316,"column":4},"end":{"line":321,"column":5}},"74":{"start":{"line":317,"column":6},"end":{"line":320,"column":9}},"75":{"start":{"line":324,"column":4},"end":{"line":329,"column":7}},"76":{"start":{"line":332,"column":4},"end":{"line":332,"column":52}},"77":{"start":{"line":333,"column":4},"end":{"line":337,"column":7}},"78":{"start":{"line":352,"column":23},"end":{"line":424,"column":1}},"79":{"start":{"line":353,"column":24},"end":{"line":353,"column":53}},"80":{"start":{"line":354,"column":12},"end":{"line":354,"column":41}},"81":{"start":{"line":356,"column":2},"end":{"line":423,"column":3}},"82":{"start":{"line":357,"column":19},"end":{"line":357,"column":29}},"83":{"start":{"line":360,"column":19},"end":{"line":374,"column":6}},"84":{"start":{"line":376,"column":4},"end":{"line":382,"column":5}},"85":{"start":{"line":377,"column":6},"end":{"line":377,"column":25}},"86":{"start":{"line":378,"column":6},"end":{"line":381,"column":9}},"87":{"start":{"line":385,"column":4},"end":{"line":391,"column":5}},"88":{"start":{"line":386,"column":6},"end":{"line":386,"column":25}},"89":{"start":{"line":387,"column":6},"end":{"line":390,"column":9}},"90":{"start":{"line":394,"column":4},"end":{"line":398,"column":5}},"91":{"start":{"line":395,"column":23},"end":{"line":395,"column":39}},"92":{"start":{"line":396,"column":6},"end":{"line":396,"column":41}},"93":{"start":{"line":397,"column":6},"end":{"line":397,"column":46}},"94":{"start":{"line":401,"column":4},"end":{"line":401,"column":32}},"95":{"start":{"line":402,"column":4},"end":{"line":402,"column":42}},"96":{"start":{"line":404,"column":4},"end":{"line":404,"column":21}},"97":{"start":{"line":407,"column":4},"end":{"line":413,"column":7}},"98":{"start":{"line":416,"column":4},"end":{"line":416,"column":23}},"99":{"start":{"line":417,"column":4},"end":{"line":417,"column":53}},"100":{"start":{"line":418,"column":4},"end":{"line":422,"column":7}},"101":{"start":{"line":435,"column":22},"end":{"line":493,"column":1}},"102":{"start":{"line":436,"column":2},"end":{"line":492,"column":3}},"103":{"start":{"line":437,"column":59},"end":{"line":437,"column":68}},"104":{"start":{"line":440,"column":18},"end":{"line":440,"column":20}},"105":{"start":{"line":441,"column":4},"end":{"line":441,"column":38}},"106":{"start":{"line":441,"column":16},"end":{"line":441,"column":38}},"107":{"start":{"line":442,"column":4},"end":{"line":442,"column":47}},"108":{"start":{"line":442,"column":19},"end":{"line":442,"column":47}},"109":{"start":{"line":445,"column":19},"end":{"line":445,"column":60}},"110":{"start":{"line":448,"column":37},"end":{"line":469,"column":6}},"111":{"start":{"line":472,"column":4},"end":{"line":483,"column":7}},"112":{"start":{"line":486,"column":4},"end":{"line":486,"column":52}},"113":{"start":{"line":487,"column":4},"end":{"line":491,"column":7}},"114":{"start":{"line":506,"column":31},"end":{"line":562,"column":1}},"115":{"start":{"line":507,"column":2},"end":{"line":561,"column":3}},"116":{"start":{"line":508,"column":19},"end":{"line":508,"column":29}},"117":{"start":{"line":509,"column":23},"end":{"line":509,"column":31}},"118":{"start":{"line":512,"column":27},"end":{"line":512,"column":91}},"119":{"start":{"line":513,"column":4},"end":{"line":518,"column":5}},"120":{"start":{"line":514,"column":6},"end":{"line":517,"column":9}},"121":{"start":{"line":521,"column":19},"end":{"line":521,"column":44}},"122":{"start":{"line":523,"column":4},"end":{"line":528,"column":5}},"123":{"start":{"line":524,"column":6},"end":{"line":527,"column":9}},"124":{"start":{"line":531,"column":4},"end":{"line":531,"column":27}},"125":{"start":{"line":532,"column":4},"end":{"line":532,"column":24}},"126":{"start":{"line":535,"column":4},"end":{"line":543,"column":7}},"127":{"start":{"line":546,"column":4},"end":{"line":552,"column":7}},"128":{"start":{"line":555,"column":4},"end":{"line":555,"column":61}},"129":{"start":{"line":556,"column":4},"end":{"line":560,"column":7}},"130":{"start":{"line":572,"column":31},"end":{"line":625,"column":1}},"131":{"start":{"line":573,"column":2},"end":{"line":624,"column":3}},"132":{"start":{"line":574,"column":28},"end":{"line":574,"column":48}},"133":{"start":{"line":577,"column":25},"end":{"line":577,"column":45}},"134":{"start":{"line":580,"column":29},"end":{"line":587,"column":6}},"135":{"start":{"line":590,"column":26},"end":{"line":590,"column":51}},"136":{"start":{"line":593,"column":16},"end":{"line":593,"column":26}},"137":{"start":{"line":594,"column":4},"end":{"line":594,"column":29}},"138":{"start":{"line":596,"column":23},"end":{"line":600,"column":6}},"139":{"start":{"line":603,"column":4},"end":{"line":615,"column":7}},"140":{"start":{"line":609,"column":53},"end":{"line":613,"column":9}},"141":{"start":{"line":618,"column":4},"end":{"line":618,"column":61}},"142":{"start":{"line":619,"column":4},"end":{"line":623,"column":7}},"143":{"start":{"line":628,"column":0},"end":{"line":639,"column":2}}},"fnMap":{"0":{"name":"(anonymous_0)","decl":{"start":{"line":27,"column":20},"end":{"line":27,"column":21}},"loc":{"start":{"line":27,"column":40},"end":{"line":198,"column":1}},"line":27},"1":{"name":"(anonymous_1)","decl":{"start":{"line":209,"column":22},"end":{"line":209,"column":23}},"loc":{"start":{"line":209,"column":42},"end":{"line":261,"column":1}},"line":209},"2":{"name":"(anonymous_2)","decl":{"start":{"line":273,"column":22},"end":{"line":273,"column":23}},"loc":{"start":{"line":273,"column":42},"end":{"line":339,"column":1}},"line":273},"3":{"name":"(anonymous_3)","decl":{"start":{"line":352,"column":23},"end":{"line":352,"column":24}},"loc":{"start":{"line":352,"column":43},"end":{"line":424,"column":1}},"line":352},"4":{"name":"(anonymous_4)","decl":{"start":{"line":435,"column":22},"end":{"line":435,"column":23}},"loc":{"start":{"line":435,"column":42},"end":{"line":493,"column":1}},"line":435},"5":{"name":"(anonymous_5)","decl":{"start":{"line":506,"column":31},"end":{"line":506,"column":32}},"loc":{"start":{"line":506,"column":51},"end":{"line":562,"column":1}},"line":506},"6":{"name":"(anonymous_6)","decl":{"start":{"line":572,"column":31},"end":{"line":572,"column":32}},"loc":{"start":{"line":572,"column":51},"end":{"line":625,"column":1}},"line":572},"7":{"name":"(anonymous_7)","decl":{"start":{"line":609,"column":47},"end":{"line":609,"column":48}},"loc":{"start":{"line":609,"column":53},"end":{"line":613,"column":9}},"line":609}},"branchMap":{"0":{"loc":{"start":{"line":33,"column":38},"end":{"line":33,"column":61}},"type":"default-arg","locations":[{"start":{"line":33,"column":51},"end":{"line":33,"column":61}}],"line":33},"1":{"loc":{"start":{"line":36,"column":4},"end":{"line":42,"column":5}},"type":"if","locations":[{"start":{"line":36,"column":4},"end":{"line":42,"column":5}},{"start":{},"end":{}}],"line":36},"2":{"loc":{"start":{"line":36,"column":8},"end":{"line":36,"column":55}},"type":"binary-expr","locations":[{"start":{"line":36,"column":8},"end":{"line":36,"column":23}},{"start":{"line":36,"column":27},"end":{"line":36,"column":55}}],"line":36},"3":{"loc":{"start":{"line":45,"column":4},"end":{"line":51,"column":5}},"type":"if","locations":[{"start":{"line":45,"column":4},"end":{"line":51,"column":5}},{"start":{},"end":{}}],"line":45},"4":{"loc":{"start":{"line":45,"column":8},"end":{"line":45,"column":43}},"type":"binary-expr","locations":[{"start":{"line":45,"column":8},"end":{"line":45,"column":17}},{"start":{"line":45,"column":21},"end":{"line":45,"column":43}}],"line":45},"5":{"loc":{"start":{"line":55,"column":4},"end":{"line":61,"column":5}},"type":"if","locations":[{"start":{"line":55,"column":4},"end":{"line":61,"column":5}},{"start":{},"end":{}}],"line":55},"6":{"loc":{"start":{"line":74,"column":4},"end":{"line":80,"column":5}},"type":"if","locations":[{"start":{"line":74,"column":4},"end":{"line":80,"column":5}},{"start":{},"end":{}}],"line":74},"7":{"loc":{"start":{"line":90,"column":6},"end":{"line":93,"column":7}},"type":"if","locations":[{"start":{"line":90,"column":6},"end":{"line":93,"column":7}},{"start":{},"end":{}}],"line":90},"8":{"loc":{"start":{"line":96,"column":6},"end":{"line":101,"column":7}},"type":"if","locations":[{"start":{"line":96,"column":6},"end":{"line":101,"column":7}},{"start":{},"end":{}}],"line":96},"9":{"loc":{"start":{"line":108,"column":4},"end":{"line":115,"column":5}},"type":"if","locations":[{"start":{"line":108,"column":4},"end":{"line":115,"column":5}},{"start":{},"end":{}}],"line":108},"10":{"loc":{"start":{"line":211,"column":20},"end":{"line":211,"column":30}},"type":"default-arg","locations":[{"start":{"line":211,"column":29},"end":{"line":211,"column":30}}],"line":211},"11":{"loc":{"start":{"line":211,"column":32},"end":{"line":211,"column":43}},"type":"default-arg","locations":[{"start":{"line":211,"column":41},"end":{"line":211,"column":43}}],"line":211},"12":{"loc":{"start":{"line":215,"column":4},"end":{"line":215,"column":38}},"type":"if","locations":[{"start":{"line":215,"column":4},"end":{"line":215,"column":38}},{"start":{},"end":{}}],"line":215},"13":{"loc":{"start":{"line":279,"column":4},"end":{"line":281,"column":5}},"type":"if","locations":[{"start":{"line":279,"column":4},"end":{"line":281,"column":5}},{"start":{},"end":{}}],"line":279},"14":{"loc":{"start":{"line":316,"column":4},"end":{"line":321,"column":5}},"type":"if","locations":[{"start":{"line":316,"column":4},"end":{"line":321,"column":5}},{"start":{},"end":{}}],"line":316},"15":{"loc":{"start":{"line":376,"column":4},"end":{"line":382,"column":5}},"type":"if","locations":[{"start":{"line":376,"column":4},"end":{"line":382,"column":5}},{"start":{},"end":{}}],"line":376},"16":{"loc":{"start":{"line":385,"column":4},"end":{"line":391,"column":5}},"type":"if","locations":[{"start":{"line":385,"column":4},"end":{"line":391,"column":5}},{"start":{},"end":{}}],"line":385},"17":{"loc":{"start":{"line":437,"column":31},"end":{"line":437,"column":41}},"type":"default-arg","locations":[{"start":{"line":437,"column":40},"end":{"line":437,"column":41}}],"line":437},"18":{"loc":{"start":{"line":437,"column":43},"end":{"line":437,"column":54}},"type":"default-arg","locations":[{"start":{"line":437,"column":52},"end":{"line":437,"column":54}}],"line":437},"19":{"loc":{"start":{"line":441,"column":4},"end":{"line":441,"column":38}},"type":"if","locations":[{"start":{"line":441,"column":4},"end":{"line":441,"column":38}},{"start":{},"end":{}}],"line":441},"20":{"loc":{"start":{"line":442,"column":4},"end":{"line":442,"column":47}},"type":"if","locations":[{"start":{"line":442,"column":4},"end":{"line":442,"column":47}},{"start":{},"end":{}}],"line":442},"21":{"loc":{"start":{"line":513,"column":4},"end":{"line":518,"column":5}},"type":"if","locations":[{"start":{"line":513,"column":4},"end":{"line":518,"column":5}},{"start":{},"end":{}}],"line":513},"22":{"loc":{"start":{"line":523,"column":4},"end":{"line":528,"column":5}},"type":"if","locations":[{"start":{"line":523,"column":4},"end":{"line":528,"column":5}},{"start":{},"end":{}}],"line":523},"23":{"loc":{"start":{"line":608,"column":34},"end":{"line":608,"column":52}},"type":"binary-expr","locations":[{"start":{"line":608,"column":34},"end":{"line":608,"column":47}},{"start":{"line":608,"column":51},"end":{"line":608,"column":52}}],"line":608},"24":{"loc":{"start":{"line":612,"column":34},"end":{"line":612,"column":68}},"type":"binary-expr","locations":[{"start":{"line":612,"column":34},"end":{"line":612,"column":63}},{"start":{"line":612,"column":67},"end":{"line":612,"column":68}}],"line":612}},"s":{"0":1,"1":1,"2":1,"3":1,"4":1,"5":1,"6":1,"7":1,"8":1,"9":1,"10":1,"11":1,"12":1,"13":0,"14":0,"15":1,"16":0,"17":0,"18":1,"19":1,"20":0,"21":0,"22":1,"23":1,"24":0,"25":0,"26":1,"27":1,"28":1,"29":1,"30":1,"31":0,"32":0,"33":1,"34":0,"35":0,"36":1,"37":1,"38":0,"39":0,"40":1,"41":1,"42":1,"43":1,"44":1,"45":1,"46":1,"47":1,"48":1,"49":1,"50":1,"51":1,"52":0,"53":0,"54":0,"55":1,"56":1,"57":1,"58":1,"59":1,"60":0,"61":1,"62":1,"63":1,"64":0,"65":0,"66":1,"67":2,"68":2,"69":2,"70":2,"71":1,"72":2,"73":2,"74":0,"75":2,"76":0,"77":0,"78":1,"79":0,"80":0,"81":0,"82":0,"83":0,"84":0,"85":0,"86":0,"87":0,"88":0,"89":0,"90":0,"91":0,"92":0,"93":0,"94":0,"95":0,"96":0,"97":0,"98":0,"99":0,"100":0,"101":1,"102":1,"103":1,"104":1,"105":1,"106":0,"107":1,"108":0,"109":1,"110":1,"111":1,"112":0,"113":0,"114":1,"115":0,"116":0,"117":0,"118":0,"119":0,"120":0,"121":0,"122":0,"123":0,"124":0,"125":0,"126":0,"127":0,"128":0,"129":0,"130":1,"131":0,"132":0,"133":0,"134":0,"135":0,"136":0,"137":0,"138":0,"139":0,"140":0,"141":0,"142":0,"143":1},"f":{"0":1,"1":1,"2":2,"3":0,"4":1,"5":0,"6":0,"7":0},"b":{"0":[1],"1":[0,1],"2":[1,1],"3":[0,1],"4":[1,1],"5":[0,1],"6":[0,1],"7":[0,1],"8":[0,1],"9":[0,1],"10":[1],"11":[1],"12":[0,1],"13":[1,1],"14":[0,2],"15":[0,0],"16":[0,0],"17":[1],"18":[1],"19":[0,1],"20":[0,1],"21":[0,0],"22":[0,0],"23":[0,0],"24":[0,0]},"_coverageSchema":"1a1c01bbd47fc00a2c39e90264f33305004495a9","hash":"0d41e5fa7e00e29e4c0fcbbc1380d010d348ee01"}
,"C:\\Users\\LARAUSE\\Desktop\\Instructor Sena\\2026\\Trimestre 1\\3206404 Articulacion\\software\\backend\\controllers\\producto.controller.js": {"path":"C:\\Users\\LARAUSE\\Desktop\\Instructor Sena\\2026\\Trimestre 1\\3206404 Articulacion\\software\\backend\\controllers\\producto.controller.js","statementMap":{"0":{"start":{"line":11,"column":17},"end":{"line":11,"column":46}},"1":{"start":{"line":12,"column":18},"end":{"line":12,"column":48}},"2":{"start":{"line":13,"column":21},"end":{"line":13,"column":54}},"3":{"start":{"line":16,"column":13},"end":{"line":16,"column":28}},"4":{"start":{"line":17,"column":11},"end":{"line":17,"column":33}},"5":{"start":{"line":35,"column":21},"end":{"line":111,"column":1}},"6":{"start":{"line":36,"column":2},"end":{"line":110,"column":3}},"7":{"start":{"line":45,"column":8},"end":{"line":45,"column":17}},"8":{"start":{"line":48,"column":18},"end":{"line":48,"column":20}},"9":{"start":{"line":49,"column":4},"end":{"line":49,"column":53}},"10":{"start":{"line":49,"column":21},"end":{"line":49,"column":53}},"11":{"start":{"line":50,"column":4},"end":{"line":50,"column":62}},"12":{"start":{"line":50,"column":24},"end":{"line":50,"column":62}},"13":{"start":{"line":51,"column":4},"end":{"line":51,"column":63}},"14":{"start":{"line":51,"column":30},"end":{"line":51,"column":63}},"15":{"start":{"line":52,"column":4},"end":{"line":52,"column":79}},"16":{"start":{"line":52,"column":29},"end":{"line":52,"column":79}},"17":{"start":{"line":55,"column":4},"end":{"line":61,"column":5}},"18":{"start":{"line":56,"column":21},"end":{"line":56,"column":41}},"19":{"start":{"line":57,"column":6},"end":{"line":60,"column":8}},"20":{"start":{"line":64,"column":19},"end":{"line":64,"column":60}},"21":{"start":{"line":67,"column":21},"end":{"line":84,"column":5}},"22":{"start":{"line":87,"column":39},"end":{"line":87,"column":79}},"23":{"start":{"line":90,"column":4},"end":{"line":101,"column":7}},"24":{"start":{"line":104,"column":4},"end":{"line":104,"column":51}},"25":{"start":{"line":105,"column":4},"end":{"line":109,"column":7}},"26":{"start":{"line":121,"column":24},"end":{"line":164,"column":1}},"27":{"start":{"line":122,"column":2},"end":{"line":163,"column":3}},"28":{"start":{"line":123,"column":19},"end":{"line":123,"column":29}},"29":{"start":{"line":126,"column":21},"end":{"line":139,"column":6}},"30":{"start":{"line":141,"column":4},"end":{"line":146,"column":5}},"31":{"start":{"line":142,"column":6},"end":{"line":145,"column":9}},"32":{"start":{"line":149,"column":4},"end":{"line":154,"column":7}},"33":{"start":{"line":157,"column":4},"end":{"line":157,"column":54}},"34":{"start":{"line":158,"column":4},"end":{"line":162,"column":7}},"35":{"start":{"line":182,"column":22},"end":{"line":303,"column":1}},"36":{"start":{"line":183,"column":2},"end":{"line":302,"column":3}},"37":{"start":{"line":184,"column":80},"end":{"line":184,"column":88}},"38":{"start":{"line":187,"column":4},"end":{"line":192,"column":5}},"39":{"start":{"line":188,"column":6},"end":{"line":191,"column":9}},"40":{"start":{"line":195,"column":22},"end":{"line":195,"column":59}},"41":{"start":{"line":196,"column":4},"end":{"line":201,"column":5}},"42":{"start":{"line":197,"column":6},"end":{"line":200,"column":9}},"43":{"start":{"line":202,"column":4},"end":{"line":207,"column":5}},"44":{"start":{"line":203,"column":6},"end":{"line":206,"column":9}},"45":{"start":{"line":210,"column":25},"end":{"line":210,"column":68}},"46":{"start":{"line":211,"column":4},"end":{"line":216,"column":5}},"47":{"start":{"line":212,"column":6},"end":{"line":215,"column":9}},"48":{"start":{"line":217,"column":4},"end":{"line":222,"column":5}},"49":{"start":{"line":218,"column":6},"end":{"line":221,"column":9}},"50":{"start":{"line":223,"column":4},"end":{"line":228,"column":5}},"51":{"start":{"line":224,"column":6},"end":{"line":227,"column":9}},"52":{"start":{"line":231,"column":4},"end":{"line":236,"column":5}},"53":{"start":{"line":232,"column":6},"end":{"line":235,"column":9}},"54":{"start":{"line":237,"column":4},"end":{"line":242,"column":5}},"55":{"start":{"line":238,"column":6},"end":{"line":241,"column":9}},"56":{"start":{"line":245,"column":19},"end":{"line":245,"column":54}},"57":{"start":{"line":248,"column":26},"end":{"line":257,"column":6}},"58":{"start":{"line":260,"column":4},"end":{"line":265,"column":7}},"59":{"start":{"line":268,"column":4},"end":{"line":274,"column":7}},"60":{"start":{"line":277,"column":4},"end":{"line":277,"column":52}},"61":{"start":{"line":280,"column":4},"end":{"line":287,"column":5}},"62":{"start":{"line":281,"column":25},"end":{"line":281,"column":78}},"63":{"start":{"line":282,"column":6},"end":{"line":286,"column":7}},"64":{"start":{"line":283,"column":8},"end":{"line":283,"column":36}},"65":{"start":{"line":285,"column":8},"end":{"line":285,"column":56}},"66":{"start":{"line":289,"column":4},"end":{"line":295,"column":5}},"67":{"start":{"line":290,"column":6},"end":{"line":294,"column":9}},"68":{"start":{"line":293,"column":38},"end":{"line":293,"column":47}},"69":{"start":{"line":297,"column":4},"end":{"line":301,"column":7}},"70":{"start":{"line":315,"column":27},"end":{"line":442,"column":1}},"71":{"start":{"line":316,"column":2},"end":{"line":441,"column":3}},"72":{"start":{"line":317,"column":19},"end":{"line":317,"column":29}},"73":{"start":{"line":318,"column":80},"end":{"line":318,"column":88}},"74":{"start":{"line":321,"column":21},"end":{"line":321,"column":48}},"75":{"start":{"line":323,"column":4},"end":{"line":328,"column":5}},"76":{"start":{"line":324,"column":6},"end":{"line":327,"column":9}},"77":{"start":{"line":331,"column":4},"end":{"line":339,"column":5}},"78":{"start":{"line":332,"column":24},"end":{"line":332,"column":61}},"79":{"start":{"line":333,"column":6},"end":{"line":338,"column":7}},"80":{"start":{"line":334,"column":8},"end":{"line":337,"column":11}},"81":{"start":{"line":341,"column":4},"end":{"line":357,"column":5}},"82":{"start":{"line":342,"column":27},"end":{"line":342,"column":70}},"83":{"start":{"line":343,"column":6},"end":{"line":348,"column":7}},"84":{"start":{"line":344,"column":8},"end":{"line":347,"column":11}},"85":{"start":{"line":350,"column":20},"end":{"line":350,"column":55}},"86":{"start":{"line":351,"column":6},"end":{"line":356,"column":7}},"87":{"start":{"line":352,"column":8},"end":{"line":355,"column":11}},"88":{"start":{"line":360,"column":4},"end":{"line":365,"column":5}},"89":{"start":{"line":361,"column":6},"end":{"line":364,"column":9}},"90":{"start":{"line":366,"column":4},"end":{"line":371,"column":5}},"91":{"start":{"line":367,"column":6},"end":{"line":370,"column":9}},"92":{"start":{"line":374,"column":4},"end":{"line":385,"column":5}},"93":{"start":{"line":376,"column":6},"end":{"line":383,"column":7}},"94":{"start":{"line":377,"column":35},"end":{"line":377,"column":86}},"95":{"start":{"line":378,"column":8},"end":{"line":382,"column":9}},"96":{"start":{"line":379,"column":10},"end":{"line":379,"column":46}},"97":{"start":{"line":381,"column":10},"end":{"line":381,"column":67}},"98":{"start":{"line":384,"column":6},"end":{"line":384,"column":42}},"99":{"start":{"line":388,"column":4},"end":{"line":388,"column":55}},"100":{"start":{"line":388,"column":30},"end":{"line":388,"column":55}},"101":{"start":{"line":389,"column":4},"end":{"line":389,"column":70}},"102":{"start":{"line":389,"column":35},"end":{"line":389,"column":70}},"103":{"start":{"line":390,"column":4},"end":{"line":390,"column":67}},"104":{"start":{"line":390,"column":30},"end":{"line":390,"column":67}},"105":{"start":{"line":391,"column":4},"end":{"line":391,"column":62}},"106":{"start":{"line":391,"column":29},"end":{"line":391,"column":62}},"107":{"start":{"line":392,"column":4},"end":{"line":392,"column":80}},"108":{"start":{"line":392,"column":35},"end":{"line":392,"column":80}},"109":{"start":{"line":393,"column":4},"end":{"line":393,"column":89}},"110":{"start":{"line":393,"column":38},"end":{"line":393,"column":89}},"111":{"start":{"line":396,"column":4},"end":{"line":396,"column":26}},"112":{"start":{"line":399,"column":4},"end":{"line":404,"column":7}},"113":{"start":{"line":407,"column":4},"end":{"line":413,"column":7}},"114":{"start":{"line":416,"column":4},"end":{"line":416,"column":57}},"115":{"start":{"line":419,"column":4},"end":{"line":426,"column":5}},"116":{"start":{"line":420,"column":25},"end":{"line":420,"column":78}},"117":{"start":{"line":421,"column":6},"end":{"line":425,"column":7}},"118":{"start":{"line":422,"column":8},"end":{"line":422,"column":36}},"119":{"start":{"line":424,"column":8},"end":{"line":424,"column":56}},"120":{"start":{"line":428,"column":4},"end":{"line":434,"column":5}},"121":{"start":{"line":429,"column":6},"end":{"line":433,"column":9}},"122":{"start":{"line":432,"column":38},"end":{"line":432,"column":47}},"123":{"start":{"line":436,"column":4},"end":{"line":440,"column":7}},"124":{"start":{"line":452,"column":23},"end":{"line":484,"column":1}},"125":{"start":{"line":453,"column":2},"end":{"line":483,"column":3}},"126":{"start":{"line":454,"column":19},"end":{"line":454,"column":29}},"127":{"start":{"line":456,"column":21},"end":{"line":456,"column":48}},"128":{"start":{"line":458,"column":4},"end":{"line":463,"column":5}},"129":{"start":{"line":459,"column":6},"end":{"line":462,"column":9}},"130":{"start":{"line":465,"column":4},"end":{"line":465,"column":39}},"131":{"start":{"line":466,"column":4},"end":{"line":466,"column":26}},"132":{"start":{"line":468,"column":4},"end":{"line":474,"column":7}},"133":{"start":{"line":477,"column":4},"end":{"line":477,"column":53}},"134":{"start":{"line":478,"column":4},"end":{"line":482,"column":7}},"135":{"start":{"line":495,"column":25},"end":{"line":524,"column":1}},"136":{"start":{"line":496,"column":2},"end":{"line":523,"column":3}},"137":{"start":{"line":497,"column":19},"end":{"line":497,"column":29}},"138":{"start":{"line":499,"column":21},"end":{"line":499,"column":48}},"139":{"start":{"line":501,"column":4},"end":{"line":506,"column":5}},"140":{"start":{"line":502,"column":6},"end":{"line":505,"column":9}},"141":{"start":{"line":509,"column":4},"end":{"line":509,"column":29}},"142":{"start":{"line":511,"column":4},"end":{"line":514,"column":7}},"143":{"start":{"line":517,"column":4},"end":{"line":517,"column":55}},"144":{"start":{"line":518,"column":4},"end":{"line":522,"column":7}},"145":{"start":{"line":535,"column":24},"end":{"line":611,"column":1}},"146":{"start":{"line":536,"column":2},"end":{"line":610,"column":3}},"147":{"start":{"line":537,"column":19},"end":{"line":537,"column":29}},"148":{"start":{"line":538,"column":36},"end":{"line":538,"column":44}},"149":{"start":{"line":540,"column":4},"end":{"line":545,"column":5}},"150":{"start":{"line":541,"column":6},"end":{"line":544,"column":9}},"151":{"start":{"line":547,"column":24},"end":{"line":547,"column":42}},"152":{"start":{"line":548,"column":4},"end":{"line":553,"column":5}},"153":{"start":{"line":549,"column":6},"end":{"line":552,"column":9}},"154":{"start":{"line":555,"column":21},"end":{"line":555,"column":48}},"155":{"start":{"line":557,"column":4},"end":{"line":562,"column":5}},"156":{"start":{"line":558,"column":6},"end":{"line":561,"column":9}},"157":{"start":{"line":566,"column":4},"end":{"line":587,"column":5}},"158":{"start":{"line":568,"column":8},"end":{"line":568,"column":57}},"159":{"start":{"line":569,"column":8},"end":{"line":569,"column":14}},"160":{"start":{"line":571,"column":8},"end":{"line":576,"column":9}},"161":{"start":{"line":572,"column":10},"end":{"line":575,"column":13}},"162":{"start":{"line":577,"column":8},"end":{"line":577,"column":56}},"163":{"start":{"line":578,"column":8},"end":{"line":578,"column":14}},"164":{"start":{"line":580,"column":8},"end":{"line":580,"column":33}},"165":{"start":{"line":581,"column":8},"end":{"line":581,"column":14}},"166":{"start":{"line":583,"column":8},"end":{"line":586,"column":11}},"167":{"start":{"line":589,"column":4},"end":{"line":589,"column":32}},"168":{"start":{"line":590,"column":4},"end":{"line":590,"column":26}},"169":{"start"
[...]
"line":115,"column":20}},"28":{"start":{"line":118,"column":18},"end":{"line":118,"column":42}},"29":{"start":{"line":120,"column":4},"end":{"line":123,"column":5}},"30":{"start":{"line":121,"column":6},"end":{"line":121,"column":25}},"31":{"start":{"line":122,"column":6},"end":{"line":122,"column":20}},"32":{"start":{"line":125,"column":4},"end":{"line":139,"column":5}},"33":{"start":{"line":126,"column":22},"end":{"line":126,"column":40}},"34":{"start":{"line":127,"column":22},"end":{"line":129,"column":8}},"35":{"start":{"line":131,"column":6},"end":{"line":135,"column":7}},"36":{"start":{"line":132,"column":8},"end":{"line":132,"column":30}},"37":{"start":{"line":134,"column":8},"end":{"line":134,"column":27}},"38":{"start":{"line":138,"column":6},"end":{"line":138,"column":25}},"39":{"start":{"line":141,"column":4},"end":{"line":141,"column":11}},"40":{"start":{"line":144,"column":4},"end":{"line":144,"column":75}},"41":{"start":{"line":145,"column":4},"end":{"line":145,"column":23}},"42":{"start":{"line":146,"column":4},"end":{"line":146,"column":11}},"43":{"start":{"line":151,"column":0},"end":{"line":154,"column":2}}},"fnMap":{"0":{"name":"(anonymous_0)","decl":{"start":{"line":30,"column":22},"end":{"line":30,"column":23}},"loc":{"start":{"line":30,"column":48},"end":{"line":98,"column":1}},"line":30},"1":{"name":"(anonymous_1)","decl":{"start":{"line":108,"column":30},"end":{"line":108,"column":31}},"loc":{"start":{"line":108,"column":56},"end":{"line":148,"column":1}},"line":108}},"branchMap":{"0":{"loc":{"start":{"line":35,"column":4},"end":{"line":40,"column":5}},"type":"if","locations":[{"start":{"line":35,"column":4},"end":{"line":40,"column":5}},{"start":{},"end":{}}],"line":35},"1":{"loc":{"start":{"line":45,"column":4},"end":{"line":50,"column":5}},"type":"if","locations":[{"start":{"line":45,"column":4},"end":{"line":50,"column":5}},{"start":{},"end":{}}],"line":45},"2":{"loc":{"start":{"line":68,"column":4},"end":{"line":73,"column":5}},"type":"if","locations":[{"start":{"line":68,"column":4},"end":{"line":73,"column":5}},{"start":{},"end":{}}],"line":68},"3":{"loc":{"start":{"line":76,"column":4},"end":{"line":81,"column":5}},"type":"if","locations":[{"start":{"line":76,"column":4},"end":{"line":81,"column":5}},{"start":{},"end":{}}],"line":76},"4":{"loc":{"start":{"line":113,"column":4},"end":{"line":116,"column":5}},"type":"if","locations":[{"start":{"line":113,"column":4},"end":{"line":116,"column":5}},{"start":{},"end":{}}],"line":113},"5":{"loc":{"start":{"line":120,"column":4},"end":{"line":123,"column":5}},"type":"if","locations":[{"start":{"line":120,"column":4},"end":{"line":123,"column":5}},{"start":{},"end":{}}],"line":120},"6":{"loc":{"start":{"line":131,"column":6},"end":{"line":135,"column":7}},"type":"if","locations":[{"start":{"line":131,"column":6},"end":{"line":135,"column":7}},{"start":{"line":133,"column":13},"end":{"line":135,"column":7}}],"line":131},"7":{"loc":{"start":{"line":131,"column":10},"end":{"line":131,"column":35}},"type":"binary-expr","locations":[{"start":{"line":131,"column":10},"end":{"line":131,"column":17}},{"start":{"line":131,"column":21},"end":{"line":131,"column":35}}],"line":131}},"s":{"0":1,"1":1,"2":1,"3":34,"4":34,"5":34,"6":1,"7":33,"8":33,"9":0,"10":33,"11":33,"12":0,"13":33,"14":33,"15":0,"16":33,"17":0,"18":33,"19":33,"20":0,"21":0,"22":1,"23":0,"24":0,"25":0,"26":0,"27":0,"28":0,"29":0,"30":0,"31":0,"32":0,"33":0,"34":0,"35":0,"36":0,"37":0,"38":0,"39":0,"40":0,"41":0,"42":0,"43":1},"f":{"0":34,"1":0},"b":{"0":[1,33],"1":[0,33],"2":[0,33],"3":[0,33],"4":[0,0],"5":[0,0],"6":[0,0],"7":[0,0]},"_coverageSchema":"1a1c01bbd47fc00a2c39e90264f33305004495a9","hash":"b1b39841f1920f792c6f1f05194fced8b0935e4a"}
,"C:\\Users\\LARAUSE\\Desktop\\Instructor Sena\\2026\\Trimestre 1\\3206404 Articulacion\\software\\backend\\middleware\\checkRole.js": {"path":"C:\\Users\\LARAUSE\\Desktop\\Instructor Sena\\2026\\Trimestre 1\\3206404 Articulacion\\software\\backend\\middleware\\checkRole.js","statementMap":{"0":{"start":{"line":22,"column":24},"end":{"line":51,"column":1}},"1":{"start":{"line":23,"column":2},"end":{"line":50,"column":3}},"2":{"start":{"line":25,"column":4},"end":{"line":30,"column":5}},"3":{"start":{"line":26,"column":6},"end":{"line":29,"column":9}},"4":{"start":{"line":33,"column":4},"end":{"line":38,"column":5}},"5":{"start":{"line":34,"column":6},"end":{"line":37,"column":9}},"6":{"start":{"line":41,"column":4},"end":{"line":41,"column":11}},"7":{"start":{"line":44,"column":4},"end":{"line":44,"column":65}},"8":{"start":{"line":45,"column":4},"end":{"line":49,"column":7}},"9":{"start":{"line":66,"column":18},"end":{"line":95,"column":1}},"10":{"start":{"line":67,"column":2},"end":{"line":94,"column":3}},"11":{"start":{"line":69,"column":4},"end":{"line":74,"column":5}},"12":{"start":{"line":70,"column":6},"end":{"line":73,"column":9}},"13":{"start":{"line":77,"column":4},"end":{"line":82,"column":5}},"14":{"start":{"line":78,"column":6},"end":{"line":81,"column":9}},"15":{"start":{"line":85,"column":4},"end":{"line":85,"column":11}},"16":{"start":{"line":88,"column":4},"end":{"line":88,"column":59}},"17":{"start":{"line":89,"column":4},"end":{"line":93,"column":7}},"18":{"start":{"line":109,"column":17},"end":{"line":140,"column":1}},"19":{"start":{"line":110,"column":2},"end":{"line":139,"column":4}},"20":{"start":{"line":111,"column":4},"end":{"line":138,"column":5}},"21":{"start":{"line":113,"column":6},"end":{"line":118,"column":7}},"22":{"start":{"line":114,"column":8},"end":{"line":117,"column":11}},"23":{"start":{"line":121,"column":6},"end":{"line":126,"column":7}},"24":{"start":{"line":122,"column":8},"end":{"line":125,"column":11}},"25":{"start":{"line":129,"column":6},"end":{"line":129,"column":13}},"26":{"start":{"line":132,"column":6},"end":{"line":132,"column":60}},"27":{"start":{"line":133,"column":6},"end":{"line":137,"column":9}},"28":{"start":{"line":155,"column":30},"end":{"line":192,"column":1}},"29":{"start":{"line":156,"column":2},"end":{"line":191,"column":3}},"30":{"start":{"line":158,"column":4},"end":{"line":163,"column":5}},"31":{"start":{"line":159,"column":6},"end":{"line":162,"column":9}},"32":{"start":{"line":166,"column":4},"end":{"line":168,"column":5}},"33":{"start":{"line":167,"column":6},"end":{"line":167,"column":20}},"34":{"start":{"line":171,"column":27},"end":{"line":171,"column":64}},"35":{"start":{"line":174,"column":4},"end":{"line":179,"column":5}},"36":{"start":{"line":175,"column":6},"end":{"line":178,"column":9}},"37":{"start":{"line":182,"column":4},"end":{"line":182,"column":11}},"38":{"start":{"line":185,"column":4},"end":{"line":185,"column":71}},"39":{"start":{"line":186,"column":4},"end":{"line":190,"column":7}},"40":{"start":{"line":207,"column":25},"end":{"line":232,"column":1}},"41":{"start":{"line":208,"column":2},"end":{"line":231,"column":3}},"42":{"start":{"line":209,"column":4},"end":{"line":214,"column":5}},"43":{"start":{"line":210,"column":6},"end":{"line":213,"column":9}},"44":{"start":{"line":216,"column":4},"end":{"line":221,"column":5}},"45":{"start":{"line":217,"column":6},"end":{"line":220,"column":9}},"46":{"start":{"line":223,"column":4},"end":{"line":223,"column":11}},"47":{"start":{"line":225,"column":4},"end":{"line":225,"column":66}},"48":{"start":{"line":226,"column":4},"end":{"line":230,"column":7}},"49":{"start":{"line":243,"column":26},"end":{"line":268,"column":1}},"50":{"start":{"line":244,"column":2},"end":{"line":267,"column":3}},"51":{"start":{"line":245,"column":4},"end":{"line":250,"column":5}},"52":{"start":{"line":246,"column":6},"end":{"line":249,"column":9}},"53":{"start":{"line":252,"column":4},"end":{"line":257,"column":5}},"54":{"start":{"line":253,"column":6},"end":{"line":256,"column":9}},"55":{"start":{"line":259,"column":4},"end":{"line":259,"column":11}},"56":{"start":{"line":261,"column":4},"end":{"line":261,"column":67}},"57":{"start":{"line":262,"column":4},"end":{"line":266,"column":7}},"58":{"start":{"line":271,"column":0},"end":{"line":278,"column":2}}},"fnMap":{"0":{"name":"(anonymous_0)","decl":{"start":{"line":22,"column":24},"end":{"line":22,"column":25}},"loc":{"start":{"line":22,"column":44},"end":{"line":51,"column":1}},"line":22},"1":{"name":"(anonymous_1)","decl":{"start":{"line":66,"column":18},"end":{"line":66,"column":19}},"loc":{"start":{"line":66,"column":38},"end":{"line":95,"column":1}},"line":66},"2":{"name":"(anonymous_2)","decl":{"start":{"line":109,"column":17},"end":{"line":109,"column":18}},"loc":{"start":{"line":109,"column":38},"end":{"line":140,"column":1}},"line":109},"3":{"name":"(anonymous_3)","decl":{"start":{"line":110,"column":9},"end":{"line":110,"column":10}},"loc":{"start":{"line":110,"column":29},"end":{"line":139,"column":3}},"line":110},"4":{"name":"(anonymous_4)","decl":{"start":{"line":155,"column":30},"end":{"line":155,"column":31}},"loc":{"start":{"line":155,"column":50},"end":{"line":192,"column":1}},"line":155},"5":{"name":"(anonymous_5)","decl":{"start":{"line":207,"column":25},"end":{"line":207,"column":26}},"loc":{"start":{"line":207,"column":45},"end":{"line":232,"column":1}},"line":207},"6":{"name":"(anonymous_6)","decl":{"start":{"line":243,"column":26},"end":{"line":243,"column":27}},"loc":{"start":{"line":243,"column":46},"end":{"line":268,"column":1}},"line":243}},"branchMap":{"0":{"loc":{"start":{"line":25,"column":4},"end":{"line":30,"column":5}},"type":"if","locations":[{"start":{"line":25,"column":4},"end":{"line":30,"column":5}},{"start":{},"end":{}}],"line":25},"1":{"loc":{"start":{"line":33,"column":4},"end":{"line":38,"column":5}},"type":"if","locations":[{"start":{"line":33,"column":4},"end":{"line":38,"column":5}},{"start":{},"end":{}}],"line":33},"2":{"loc":{"start":{"line":69,"column":4},"end":{"line":74,"column":5}},"type":"if","locations":[{"start":{"line":69,"column":4},"end":{"line":74,"column":5}},{"start":{},"end":{}}],"line":69},"3":{"loc":{"start":{"line":77,"column":4},"end":{"line":82,"column":5}},"type":"if","locations":[{"start":{"line":77,"column":4},"end":{"line":82,"column":5}},{"start":{},"end":{}}],"line":77},"4":{"loc":{"start":{"line":113,"column":6},"end":{"line":118,"column":7}},"type":"if","locations":[{"start":{"line":113,"column":6},"end":{"line":118,"column":7}},{"start":{},"end":{}}],"line":113},"5":{"loc":{"start":{"line":121,"column":6},"end":{"line":126,"column":7}},"type":"if","locations":[{"start":{"line":121,"column":6},"end":{"line":126,"column":7}},{"start":{},"end":{}}],"line":121},"6":{"loc":{"start":{"line":158,"column":4},"end":{"line":163,"column":5}},"type":"if","locations":[{"start":{"line":158,"column":4},"end":{"line":163,"column":5}},{"start":{},"end":{}}],"line":158},"7":{"loc":{"start":{"line":166,"column":4},"end":{"line":168,"column":5}},"type":"if","locations":[{"start":{"line":166,"column":4},"end":{"line":168,"column":5}},{"start":{},"end":{}}],"line":166},"8":{"loc":{"start":{"line":171,"column":27},"end":{"line":171,"column":64}},"type":"binary-expr","locations":[{"start":{"line":171,"column":27},"end":{"line":171,"column":47}},{"start":{"line":171,"column":51},"end":{"line":171,"column":64}}],"line":171},"9":{"loc":{"start":{"line":174,"column":4},"end":{"line":179,"column":5}},"type":"if","locations":[{"start":{"line":174,"column":4},"end":{"line":179,"column":5}},{"start":{},"end":{}}],"line":174},"10":{"loc":{"start":{"line":209,"column":4},"end":{"line":214,"column":5}},"type":"if","locations":[{"start":{"line":209,"column":4},"end":{"line":214,"column":5}},{"start":{},"end":{}}],"line":209},"11":{"loc":{"start":{"line":216,"column":4},"end":{"line":221,"column":5}},"type":"if","locations":[{"start":{"line":216,"column":4},"end":{"line":221,"column":5}},{"start":{},"end":{}}],"line":216},"12":{"loc":{"start":{"line":245,"column":4},"end":{"line":250,"column":5}},"type":"if","locations":[{"start":{"line":245,"column":4},"end":{"line":250,"column":5}},{"start":{},"end":{}}],"line":245},"13":{"loc":{"start":{"line":252,"column":4},"end":{"line":257,"column":5}},"type":"if","locations":[{"start":{"line":252,"column":4},"end":{"line":257,"column":5}},{"start":{},"end":{}}],"line":252}},"s":{"0":1,"1":0,"2":0,"3":0,"4":0,"5":0,"6":0,"7":0,"8":0,"9":1,"10":0,"11":0,"12":0,"13":0,"14":0,"15":0,"16":0,"17":0,"18":1,"19":0,"20":0,"21":0,"22":0,"23":0,"24":0,"25":0,"26":0,"27":0,"28":1,"29":0,"30":0,"31":0,"32":0,"33":0,"34":0,"35":0,"36":0,"37":0,"38":0,"39":0,"40":1,"41":27,"42":27,"43":0,"44":27,"45":2,"46":25,"47":0,"48":0,"49":1,"50":8,"51":8,"52":0,"53":8,"54":6,"55":2,"56":0,"57":0,"58":1},"f":{"0":0,"1":0,"2":0,"3":0,"4":0,"5":27,"6":8},"b":{"0":[0,0],"1":[0,0],"2":[0,0],"3":[0,0],"4":[0,0],"5":[0,0],"6":[0,0],"7":[0,0],"8":[0,0],"9":[0,0],"10":[0,27],"11":[2,25],"12":[0,8],"13":[6,2]},"_coverageSchema":"1a1c01bbd47fc00a2c39e90264f33305004495a9","hash":"761f8df3bf415b28f5a38f53ab6fa0e73508094e"}
,"C:\\Users\\LARAUSE\\Desktop\\Instructor Sena\\2026\\Trimestre 1\\3206404 Articulacion\\software\\backend\\routes\\admin.routes.js": {"path":"C:\\Users\\LARAUSE\\Desktop\\Instructor Sena\\2026\\Trimestre 1\\3206404 Articulacion\\software\\backend\\routes\\admin.routes.js","statementMap":{"0":{"start":{"line":8,"column":16},"end":{"line":8,"column":34}},"1":{"start":{"line":9,"column":15},"end":{"line":9,"column":31}},"2":{"start":{"line":12,"column":26},"end":{"line":12,"column":55}},"3":{"start":{"line":13,"column":65},"end":{"line":13,"column":99}},"4":{"start":{"line":16,"column":19},"end":{"line":16,"column":46}},"5":{"start":{"line":19,"column":28},"end":{"line":19,"column":74}},"6":{"start":{"line":20,"column":31},"end":{"line":20,"column":80}},"7":{"start":{"line":21,"column":27},"end":{"line":21,"column":72}},"8":{"start":{"line":22,"column":26},"end":{"line":22,"column":70}},"9":{"start":{"line":23,"column":25},"end":{"line":23,"column":68}},"10":{"start":{"line":30,"column":0},"end":{"line":30,"column":44}},"11":{"start":{"line":40,"column":0},"end":{"line":40,"column":61}},"12":{"start":{"line":46,"column":0},"end":{"line":46,"column":68}},"13":{"start":{"line":52,"column":0},"end":{"line":52,"column":82}},"14":{"start":{"line":59,"column":0},"end":{"line":59,"column":63}},"15":{"start":{"line":66,"column":0},"end":{"line":66,"column":71}},"16":{"start":{"line":72,"column":0},"end":{"line":72,"column":76}},"17":{"start":{"line":79,"column":0},"end":{"line":79,"column":91}},"18":{"start":{"line":90,"column":0},"end":{"line":90,"column":70}},"19":{"start":{"line":96,"column":0},"end":{"line":96,"column":77}},"20":{"start":{"line":102,"column":0},"end":{"line":102,"column":91}},"21":{"start":{"line":109,"column":0},"end":{"line":109,"column":72}},"22":{"start":{"line":116,"column":0},"end":{"line":116,"column":80}},"23":{"start":{"line":122,"column":0},"end":{"line":122,"column":85}},"24":{"start":{"line":129,"column":0},"end":{"line":129,"column":100}},"25":{"start":{"line":140,"column":0},"end":{"line":140,"column":58}},"26":{"start":{"line":146,"column":0},"end":{"line":146,"column":65}},"27":{"start":{"line":156,"column":0},"end":{"line":156,"column":85}},"28":{"start":{"line":164,"column":0},"end":{"line":164,"column":93}},"29":{"start":{"line":170,"column":0},"end":{"line":170,"column":73}},"30":{"start":{"line":177,"column":0},"end":{"line":177,"column":73}},"31":{"start":{"line":184,"column":0},"end":{"line":184,"column":88}},"32":{"start":{"line":195,"column":0},"end":{"line":195,"column":73}},"33":{"start":{"line":202,"column":0},"end":{"line":202,"column":55}},"34":{"start":{"line":208,"column":0},"end":{"line":208,"column":62}},"35":{"start":{"line":216,"column":0},"end":{"line":216,"column":76}},"36":{"start":{"line":224,"column":0},"end":{"line":224,"column":84}},"37":{"start":{"line":231,"column":0},"end":{"line":231,"column":89}},"38":{"start":{"line":238,"column":0},"end":{"line":238,"column":85}},"39":{"start":{"line":249,"column":0},"end":{"line":249,"column":77}},"40":{"start":{"line":256,"column":0},"end":{"line":256,"column":55}},"41":{"start":{"line":262,"column":0},"end":{"line":262,"column":59}},"42":{"start":{"line":269,"column":0},"end":{"line":269,"column":75}},"43":{"start":{"line":274,"column":0},"end":{"line":274,"column":24}}},"fnMap":{},"branchMap":{},"s":{"0":1,"1":1,"2":1,"3":1,"4":1,"5":1,"6":1,"7":1,"8":1,"9":1,"10":1,"11":1,"12":1,"13":1,"14":1,"15":1,"16":1,"17":1,"18":1,"19":1,"20":1,"21":1,"22":1,"23":1,"24":1,"25":1,"26":1,"27":1,"28":1,"29":1,"30":1,"31":1,"32":1,"33":1,"34":1,"35":1,"36":1,"37":1,"38":1,"39":1,"40":1,"41":1,"42":1,"43":1},"f":{},"b":{},"_coverageSchema":"1a1c01bbd47fc00a2c39e90264f33305004495a9","hash":"4d0ed4af850cf34bd98167258dd164053ad47ae2"}
,"C:\\Users\\LARAUSE\\Desktop\\Instructor Sena\\2026\\Trimestre 1\\3206404 Articulacion\\software\\backend\\routes\\auth.routes.js": {"path":"C:\\Users\\LARAUSE\\Desktop\\Instructor Sena\\2026\\Trimestre 1\\3206404 Articulacion\\software\\backend\\routes\\auth.routes.js","statementMap":{"0":{"start":{"line":9,"column":16},"end":{"line":9,"column":34}},"1":{"start":{"line":10,"column":15},"end":{"line":10,"column":31}},"2":{"start":{"line":19,"column":4},"end":{"line":19,"column":45}},"3":{"start":{"line":22,"column":26},"end":{"line":22,"column":55}},"4":{"start":{"line":52,"column":0},"end":{"line":52,"column":35}},"5":{"start":{"line":74,"column":0},"end":{"line":74,"column":29}},"6":{"start":{"line":97,"column":0},"end":{"line":97,"column":40}},"7":{"start":{"line":125,"column":0},"end":{"line":125,"column":43}},"8":{"start":{"line":148,"column":0},"end":{"line":148,"column":62}},"9":{"start":{"line":153,"column":0},"end":{"line":153,"column":24}}},"fnMap":{},"branchMap":{},"s":{"0":1,"1":1,"2":1,"3":1,"4":1,"5":1,"6":1,"7":1,"8":1,"9":1},"f":{},"b":{},"_coverageSchema":"1a1c01bbd47fc00a2c39e90264f33305004495a9","hash":"2263c2945bc51b6f83f27916bd8765c404df0b60"}
,"C:\\Users\\LARAUSE\\Desktop\\Instructor Sena\\2026\\Trimestre 1\\3206404 Articulacion\\software\\backend\\routes\\cliente.routes.js": {"path":"C:\\Users\\LARAUSE\\Desktop\\Instructor Sena\\2026\\Trimestre 1\\3206404 Articulacion\\software\\backend\\routes\\cliente.routes.js","statementMap":{"0":{"start":{"line":8,"column":16},"end":{"line":8,"column":34}},"1":{"start":{"line":9,"column":15},"end":{"line":9,"column":31}},"2":{"start":{"line":12,"column":26},"end":{"line":12,"column":55}},"3":{"start":{"line":13,"column":22},"end":{"line":13,"column":56}},"4":{"start":{"line":16,"column":27},"end":{"line":16,"column":72}},"5":{"start":{"line":17,"column":26},"end":{"line":17,"column":70}},"6":{"start":{"line":18,"column":25},"end":{"line":18,"column":68}},"7":{"start":{"line":29,"column":0},"end":{"line":29,"column":67}},"8":{"start":{"line":35,"column":0},"end":{"line":35,"column":74}},"9":{"start":{"line":41,"column":0},"end":{"line":41,"column":69}},"10":{"start":{"line":47,"column":0},"end":{"line":47,"column":102}},"11":{"start":{"line":53,"column":0},"end":{"line":53,"column":78}},"12":{"start":{"line":64,"column":0},"end":{"line":64,"column":76}},"13":{"start":{"line":70,"column":0},"end":{"line":70,"column":83}},"14":{"start":{"line":76,"column":0},"end":{"line":76,"column":91}},"15":{"start":{"line":82,"column":0},"end":{"line":82,"column":92}},"16":{"start":{"line":88,"column":0},"end":{"line":88,"column":82}},"17":{"start":{"line":99,"column":0},"end":{"line":99,"column":77}},"18":{"start":{"line":105,"column":0},"end":{"line":105,"column":78}},"19":{"start":{"line":111,"column":0},"end":{"line":111,"column":82}},"20":{"start":{"line":117,"column":0},"end":{"line":117,"column":92}},"21":{"start":{"line":119,"column":0},"end":{"line":119,"column":24}}},"fnMap":{},"branchMap":{},"s":{"0":1,"1":1,"2":1,"3":1,"4":1,"5":1,"6":1,"7":1,"8":1,"9":1,"10":1,"11":1,"12":1,"13":1,"14":1,"15":1,"16":1,"17":1,"18":1,"19":1,"20":1,"21":1},"f":{},"b":{},"_coverageSchema":"1a1c01bbd47fc00a2c39e90264f33305004495a9","hash":"4fbf0ee6739fc6812cf5a7a24c9dadda3c097109"}
}
