TN:
SF:controllers\auth.controller.js
FN:26,(anonymous_0)
FN:122,(anonymous_1)
FN:210,(anonymous_2)
FN:256,(anonymous_3)
FN:313,(anonymous_4)
FNF:5
FNH:3
FNDA:1,(anonymous_0)
FNDA:4,(anonymous_1)
FNDA:1,(anonymous_2)
FNDA:0,(anonymous_3)
FNDA:0,(anonymous_4)
DA:9,1
DA:12,1
DA:26,1
DA:27,1
DA:29,1
DA:32,1
DA:33,0
DA:40,1
DA:41,1
DA:42,0
DA:49,1
DA:50,0
DA:57,1
DA:59,1
DA:60,0
DA:69,1
DA:80,1
DA:88,1
DA:89,1
DA:91,1
DA:101,0
DA:102,0
DA:122,1
DA:123,4
DA:125,4
DA:128,4
DA:129,0
DA:137,4
DA:141,4
DA:142,1
DA:149,3
DA:150,0
DA:158,3
DA:160,3
DA:161,0
DA:168,3
DA:175,3
DA:176,3
DA:179,3
DA:189,0
DA:190,0
DA:210,1
DA:211,1
DA:214,1
DA:218,1
DA:219,0
DA:226,1
DA:234,0
DA:235,0
DA:256,1
DA:257,0
DA:259,0
DA:262,0
DA:264,0
DA:265,0
DA:273,0
DA:274,0
DA:275,0
DA:276,0
DA:279,0
DA:282,0
DA:291,0
DA:292,0
DA:313,1
DA:314,0
DA:315,0
DA:318,0
DA:319,0
DA:326,0
DA:327,0
DA:334,0
DA:336,0
DA:337,0
DA:344,0
DA:346,0
DA:347,0
DA:355,0
DA:356,0
DA:359,0
DA:365,0
DA:366,0
DA:375,1
LF:82
LH:38
BRDA:32,0,0,0
BRDA:32,0,1,1
BRDA:32,1,0,1
BRDA:32,1,1,1
BRDA:32,1,2,1
BRDA:32,1,3,1
BRDA:41,2,0,0
BRDA:41,2,1,1
BRDA:49,3,0,0
BRDA:49,3,1,1
BRDA:59,4,0,0
BRDA:59,4,1,1
BRDA:74,5,0,1
BRDA:74,5,1,0
BRDA:75,6,0,1
BRDA:75,6,1,0
BRDA:128,7,0,0
BRDA:128,7,1,4
BRDA:128,8,0,4
BRDA:128,8,1,4
BRDA:141,9,0,1
BRDA:141,9,1,3
BRDA:149,10,0,0
BRDA:149,10,1,3
BRDA:160,11,0,0
BRDA:160,11,1,3
BRDA:218,12,0,0
BRDA:218,12,1,1
BRDA:264,13,0,0
BRDA:264,13,1,0
BRDA:273,14,0,0
BRDA:273,14,1,0
BRDA:274,15,0,0
BRDA:274,15,1,0
BRDA:275,16,0,0
BRDA:275,16,1,0
BRDA:276,17,0,0
BRDA:276,17,1,0
BRDA:318,18,0,0
BRDA:318,18,1,0
BRDA:318,19,0,0
BRDA:318,19,1,0
BRDA:326,20,0,0
BRDA:326,20,1,0
BRDA:336,21,0,0
BRDA:336,21,1,0
BRDA:346,22,0,0
BRDA:346,22,1,0
BRF:48
BRH:18
end_of_record
TN:
SF:controllers\carrito.controller.js
FN:23,(anonymous_0)
FN:52,(anonymous_1)
FN:63,(anonymous_2)
FN:88,(anonymous_3)
FN:220,(anonymous_4)
FN:293,(anonymous_5)
FN:339,(anonymous_6)
FNF:7
FNH:4
FNDA:1,(anonymous_0)
FNDA:1,(anonymous_1)
FNDA:1,(anonymous_2)
FNDA:1,(anonymous_3)
FNDA:0,(anonymous_4)
FNDA:0,(anonymous_5)
FNDA:0,(anonymous_6)
DA:10,1
DA:11,1
DA:12,1
DA:13,1
DA:23,1
DA:24,1
DA:26,1
DA:51,1
DA:52,1
DA:53,1
DA:57,1
DA:63,1
DA:70,0
DA:71,0
DA:88,1
DA:89,1
DA:90,1
DA:93,1
DA:94,0
DA:101,1
DA:102,1
DA:103,0
DA:110,1
DA:112,1
DA:113,0
DA:119,1
DA:120,0
DA:127,1
DA:134,1
DA:136,0
DA:139,0
DA:140,0
DA:146,0
DA:147,0
DA:150,0
DA:158,0
DA:168,1
DA:169,0
DA:176,1
DA:184,1
DA:193,1
DA:202,0
DA:203,0
DA:220,1
DA:221,0
DA:222,0
DA:223,0
DA:226,0
DA:227,0
DA:228,0
DA:235,0
DA:247,0
DA:248,0
DA:255,0
DA:256,0
DA:263,0
DA:264,0
DA:267,0
DA:276,0
DA:277,0
DA:293,1
DA:294,0
DA:295,0
DA:298,0
DA:305,0
DA:306,0
DA:313,0
DA:316,0
DA:322,0
DA:323,0
DA:339,1
DA:340,0
DA:342,0
DA:346,0
DA:355,0
DA:356,0
DA:365,1
LF:77
LH:31
BRDA:90,0,0,0
BRDA:93,1,0,0
BRDA:93,1,1,1
BRDA:102,2,0,0
BRDA:102,2,1,1
BRDA:112,3,0,0
BRDA:112,3,1,1
BRDA:119,4,0,0
BRDA:119,4,1,1
BRDA:134,5,0,0
BRDA:134,5,1,1
BRDA:139,6,0,0
BRDA:139,6,1,0
BRDA:168,7,0,0
BRDA:168,7,1,1
BRDA:227,8,0,0
BRDA:227,8,1,0
BRDA:247,9,0,0
BRDA:247,9,1,0
BRDA:255,10,0,0
BRDA:255,10,1,0
BRDA:305,11,0,0
BRDA:305,11,1,0
BRF:23
BRH:6
end_of_record
TN:
SF:controllers\catalogo.controller.js
FN:31,(anonymous_0)
FN:146,(anonymous_1)
FN:206,(anonymous_2)
FN:219,(anonymous_3)
FN:261,(anonymous_4)
FN:290,(anonymous_5)
FN:337,(anonymous_6)
FNF:7
FNH:6
FNDA:2,(anonymous_0)
FNDA:1,(anonymous_1)
FNDA:1,(anonymous_2)
FNDA:25,(anonymous_3)
FNDA:1,(anonymous_4)
FNDA:9,(anonymous_5)
FNDA:0,(anonymous_6)
DA:10,1
DA:11,1
DA:12,1
DA:31,1
DA:32,2
DA:42,2
DA:44,2
DA:47,2
DA:53,2
DA:54,2
DA:57,2
DA:58,0
DA:65,2
DA:66,0
DA:67,0
DA:68,0
DA:73,2
DA:75,0
DA:76,0
DA:78,0
DA:79,0
DA:81,0
DA:82,0
DA:85,2
DA:86,2
DA:90,2
DA:93,2
DA:115,2
DA:129,0
DA:130,0
DA:146,1
DA:147,1
DA:148,1
DA:151,1
DA:172,1
DA:173,0
DA:180,1
DA:188,0
DA:189,0
DA:206,1
DA:207,1
DA:208,1
DA:211,1
DA:218,1
DA:220,25
DA:228,25
DA:236,1
DA:244,0
DA:245,0
DA:261,1
DA:262,1
DA:263,1
DA:264,1
DA:267,1
DA:271,1
DA:272,0
DA:279,1
DA:289,1
DA:291,9
DA:299,9
DA:307,1
DA:319,0
DA:320,0
DA:337,1
DA:338,0
DA:339,0
DA:340,0
DA:343,0
DA:366,0
DA:374,0
DA:375,0
DA:384,1
LF:72
LH:45
BRDA:39,0,0,2
BRDA:40,1,0,2
BRDA:41,2,0,2
BRDA:53,3,0,0
BRDA:53,3,1,2
BRDA:54,4,0,0
BRDA:54,4,1,2
BRDA:57,5,0,0
BRDA:57,5,1,2
BRDA:65,6,0,0
BRDA:65,6,1,2
BRDA:65,7,0,2
BRDA:65,7,1,2
BRDA:67,8,0,0
BRDA:67,8,1,0
BRDA:68,9,0,0
BRDA:68,9,1,0
BRDA:73,10,0,0
BRDA:73,10,1,0
BRDA:73,10,2,0
BRDA:73,10,3,2
BRDA:73,10,4,2
BRDA:172,11,0,0
BRDA:172,11,1,1
BRDA:271,12,0,0
BRDA:271,12,1,1
BRDA:339,13,0,0
BRF:27
BRH:13
end_of_record
TN:
SF:controllers\categoria.controller.js
FN:25,(anonymous_0)
FN:78,(anonymous_1)
FN:137,(anonymous_2)
FN:185,(anonymous_3)
FN:206,(anonymous_4)
FN:258,(anonymous_5)
FN:282,(anonymous_6)
FN:346,(anonymous_7)
FN:419,(anonymous_8)
FN:461,(anonymous_9)
FNF:10
FNH:5
FNDA:1,(anonymous_0)
FNDA:1,(anonymous_1)
FNDA:3,(anonymous_2)
FNDA:0,(anonymous_3)
FNDA:1,(anonymous_4)
FNDA:0,(anonymous_5)
FNDA:0,(anonymous_6)
FNDA:1,(anonymous_7)
FNDA:0,(anonymous_8)
FNDA:0,(anonymous_9)
DA:10,1
DA:11,1
DA:12,1
DA:25,1
DA:26,1
DA:27,1
DA:30,1
DA:35,1
DA:36,0
DA:40,1
DA:41,0
DA:49,1
DA:52,1
DA:61,0
DA:62,0
DA:78,1
DA:79,1
DA:80,1
DA:83,1
DA:98,1
DA:99,0
DA:106,1
DA:107,1
DA:108,1
DA:111,1
DA:119,0
DA:120,0
DA:137,1
DA:138,3
DA:139,3
DA:142,3
DA:143,0
DA:150,3
DA:154,3
DA:155,0
DA:162,3
DA:169,3
DA:178,0
DA:181,0
DA:182,0
DA:185,0
DA:189,0
DA:206,1
DA:207,1
DA:208,1
DA:209,1
DA:212,1
DA:214,1
DA:215,0
DA:222,1
DA:223,1
DA:227,1
DA:228,0
DA:236,1
DA:237,1
DA:240,1
DA:243,1
DA:252,0
DA:254,0
DA:255,0
DA:258,0
DA:262,0
DA:282,1
DA:283,0
DA:284,0
DA:287,0
DA:289,0
DA:290,0
DA:297,0
DA:298,0
DA:301,0
DA:304,0
DA:308,0
DA:313,0
DA:326,0
DA:327,0
DA:346,1
DA:347,1
DA:348,1
DA:351,1
DA:353,1
DA:354,0
DA:361,1
DA:365,1
DA:366,0
DA:374,1
DA:378,1
DA:379,0
DA:387,1
DA:390,1
DA:396,0
DA:397,0
DA:419,1
DA:420,0
DA:421,0
DA:424,0
DA:426,0
DA:427,0
DA:434,0
DA:438,0
DA:443,0
DA:447,0
DA:452,0
DA:458,0
DA:459,0
DA:461,0
DA:462,0
DA:463,0
DA:467,0
DA:495,0
DA:496,0
DA:505,1
LF:112
LH:55
BRDA:35,0,0,0
BRDA:35,0,1,1
BRDA:40,1,0,0
BRDA:40,1,1,1
BRDA:98,2,0,0
BRDA:98,2,1,1
BRDA:142,3,0,0
BRDA:142,3,1,3
BRDA:154,4,0,0
BRDA:154,4,1,3
BRDA:164,5,0,3
BRDA:164,5,1,0
BRDA:181,6,0,0
BRDA:181,6,1,0
BRDA:214,7,0,0
BRDA:214,7,1,1
BRDA:222,8,0,1
BRDA:222,8,1,0
BRDA:222,9,0,1
BRDA:222,9,1,1
BRDA:227,10,0,0
BRDA:227,10,1,1
BRDA:236,11,0,1
BRDA:236,11,1,0
BRDA:237,12,0,1
BRDA:237,12,1,0
BRDA:254,13,0,0
BRDA:254,13,1,0
BRDA:289,14,0,0
BRDA:289,14,1,0
BRDA:315,15,0,0
BRDA:315,15,1,0
BRDA:353,16,0,0
BRDA:353,16,1,1
BRDA:365,17,0,0
BRDA:365,17,1,1
BRDA:378,18,0,0
BRDA:378,18,1,1
BRDA:426,19,0,0
BRDA:426,19,1,0
BRF:40
BRH:16
end_of_record
TN:
SF:controllers\pedido.controller.js
FN:27,(anonymous_0)
FN:209,(anonymous_1)
FN:273,(anonymous_2)
FN:352,(anonymous_3)
FN:435,(anonymous_4)
FN:506,(anonymous_5)
FN:572,(anonymous_6)
FN:609,(anonymous_7)
FNF:8
FNH:4
FNDA:1,(anonymous_0)
FNDA:1,(anonymous_1)
FNDA:2,(anonymous_2)
FNDA:0,(anonymous_3)
FNDA:1,(anonymous_4)
FNDA:0,(anonymous_5)
FNDA:0,(anonymous_6)
FNDA:0,(anonymous_7)
DA:10,1
DA:11,1
DA:12,1
DA:13,1
DA:14,1
DA:15,1
DA:16,1
DA:27,1
DA:29,1
DA:30,1
DA:32,1
DA:33,1
DA:36,1
DA:37,0
DA:38,0
DA:45,1
DA:46,0
DA:47,0
DA:54,1
DA:55,1
DA:56,0
DA:57,0
DA:64,1
DA:74,1
DA:75,0
DA:76,0
DA:83,1
DA:84,1
DA:86,1
DA:87,1
DA:90,1
DA:91,0
DA:92,0
DA:96,1
DA:97,0
DA:100,0
DA:104,1
DA:108,1
DA:109,0
DA:110,0
DA:118,1
DA:129,1
DA:131,1
DA:132,1
DA:135,1
DA:143,1
DA:146,1
DA:147,1
DA:151,1
DA:157,1
DA:160,1
DA:180,1
DA:190,0
DA:191,0
DA:192,0
DA:209,1
DA:210,1
DA:211,1
DA:214,1
DA:215,1
DA:218,1
DA:221,1
DA:240,1
DA:254,0
DA:255,0
DA:273,1
DA:274,2
DA:275,2
DA:278,2
DA:279,2
DA:280,1
DA:284,2
DA:316,2
DA:317,0
DA:324,2
DA:332,0
DA:333,0
DA:352,1
DA:353,0
DA:354,0
DA:356,0
DA:357,0
DA:360,0
DA:376,0
DA:377,0
DA:378,0
DA:385,0
DA:386,0
DA:387,0
DA:394,0
DA:395,0
DA:396,0
DA:397,0
DA:401,0
DA:402,0
DA:404,0
DA:407,0
DA:416,0
DA:417,0
DA:418,0
DA:435,1
DA:436,1
DA:437,1
DA:440,1
DA:441,1
DA:442,1
DA:445,1
DA:448,1
DA:472,1
DA:486,0
DA:487,0
DA:506,1
DA:507,0
DA:508,0
DA:509,0
DA:512,0
DA:513,0
DA:514,0
DA:521,0
DA:523,0
DA:524,0
DA:531,0
DA:532,0
DA:535,0
DA:546,0
DA:555,0
DA:556,0
DA:572,1
DA:573,0
DA:574,0
DA:577,0
DA:580,0
DA:590,0
DA:593,0
DA:594,0
DA:596,0
DA:603,0
DA:609,0
DA:618,0
DA:619,0
DA:628,1
LF:141
LH:68
BRDA:33,0,0,1
BRDA:36,1,0,0
BRDA:36,1,1,1
BRDA:36,2,0,1
BRDA:36,2,1,1
BRDA:45,3,0,0
BRDA:45,3,1,1
BRDA:45,4,0,1
BRDA:45,4,1,1
BRDA:55,5,0,0
BRDA:55,5,1,1
BRDA:74,6,0,0
BRDA:74,6,1,1
BRDA:90,7,0,0
BRDA:90,7,1,1
BRDA:96,8,0,0
BRDA:96,8,1,1
BRDA:108,9,0,0
BRDA:108,9,1,1
BRDA:211,10,0,1
BRDA:211,11,0,1
BRDA:215,12,0,0
BRDA:215,12,1,1
BRDA:279,13,0,1
BRDA:279,13,1,1
BRDA:316,14,0,0
BRDA:316,14,1,2
BRDA:376,15,0,0
BRDA:376,15,1,0
BRDA:385,16,0,0
BRDA:385,16,1,0
BRDA:437,17,0,1
BRDA:437,18,0,1
BRDA:441,19,0,0
BRDA:441,19,1,1
BRDA:442,20,0,0
BRDA:442,20,1,1
BRDA:513,21,0,0
BRDA:513,21,1,0
BRDA:523,22,0,0
BRDA:523,22,1,0
BRDA:608,23,0,0
BRDA:608,23,1,0
BRDA:612,24,0,0
BRDA:612,24,1,0
BRF:45
BRH:22
end_of_record
TN:
SF:controllers\producto.controller.js
FN:35,(anonymous_0)
FN:121,(anonymous_1)
FN:182,(anonymous_2)
FN:293,(anonymous_3)
FN:315,(anonymous_4)
FN:432,(anonymous_5)
FN:452,(anonymous_6)
FN:495,(anonymous_7)
FN:535,(anonymous_8)
FNF:9
FNH:4
FNDA:1,(anonymous_0)
FNDA:1,(anonymous_1)
FNDA:1,(anonymous_2)
FNDA:0,(anonymous_3)
FNDA:1,(anonymous_4)
FNDA:0,(anonymous_5)
FNDA:0,(anonymous_6)
FNDA:0,(anonymous_7)
FNDA:0,(anonymous_8)
DA:11,1
DA:12,1
DA:13,1
DA:16,1
DA:17,1
DA:35,1
DA:36,1
DA:45,1
DA:48,1
DA:49,1
DA:50,1
DA:51,1
DA:52,1
DA:55,1
DA:56,0
DA:57,0
DA:64,1
DA:67,1
DA:87,1
DA:90,1
DA:104,0
DA:105,0
DA:121,1
DA:122,1
DA:123,1
DA:126,1
DA:141,1
DA:142,0
DA:149,1
DA:157,0
DA:158,0
DA:182,1
DA:183,1
DA:184,1
DA:187,1
DA:188,0
DA:195,1
DA:196,1
DA:197,0
DA:202,1
DA:203,0
DA:210,1
DA:211,1
DA:212,0
DA:217,1
DA:218,0
DA:223,1
DA:224,1
DA:231,0
DA:232,0
DA:237,0
DA:238,0
DA:245,0
DA:248,0
DA:260,0
DA:268,0
DA:277,0
DA:280,0
DA:281,0
DA:282,0
DA:283,0
DA:285,0
DA:289,0
DA:290,0
DA:293,0
DA:297,0
DA:315,1
DA:316,1
DA:317,1
DA:318,1
DA:321,1
DA:323,1
DA:324,0
DA:331,1
DA:332,0
DA:333,0
DA:334,0
DA:341,1
DA:342,0
DA:343,0
DA:344,0
DA:350,0
DA:351,0
DA:352,0
DA:360,1
DA:361,0
DA:366,1
DA:367,0
DA:374,1
DA:376,0
DA:377,0
DA:378,0
DA:379,0
DA:381,0
DA:384,0
DA:388,1
DA:389,1
DA:390,1
DA:391,1
DA:392,1
DA:393,1
DA:396,1
DA:399,1
DA:407,1
DA:416,0
DA:419,0
DA:420,0
DA:421,0
DA:422,0
DA:424,0
DA:428,0
DA:429,0
DA:432,0
DA:436,0
DA:452,1
DA:453,0
DA:454,0
DA:456,0
DA:458,0
DA:459,0
DA:465,0
DA:466,0
DA:468,0
DA:477,0
DA:478,0
DA:495,1
DA:496,0
DA:497,0
DA:499,0
DA:501,0
DA:502,0
DA:509,0
DA:511,0
DA:517,0
DA:518,0
DA:535,1
DA:536,0
DA:537,0
DA:538,0
DA:540,0
DA:541,0
DA:547,0
DA:548,0
DA:549,0
DA:555,0
DA:557,0
DA:558,0
DA:566,0
DA:568,0
DA:569,0
DA:571,0
DA:572,0
DA:577,0
DA:578,0
DA:580,0
DA:581,0
DA:583,0
DA:589,0
DA:590,0
DA:592,0
DA:604,0
DA:605,0
DA:614,1
LF:163
LH:60
BRDA:43,0,0,1
BRDA:44,1,0,1
BRDA:49,2,0,0
BRDA:49,2,1,1
BRDA:50,3,0,0
BRDA:50,3,1,1
BRDA:51,4,0,0
BRDA:51,4,1,1
BRDA:52,5,0,0
BRDA:52,5,1,1
BRDA:55,6,0,0
BRDA:55,6,1,1
BRDA:141,7,0,0
BRDA:141,7,1,1
BRDA:187,8,0,0
BRDA:187,8,1,1
BRDA:187,9,0,1
BRDA:187,9,1,1
BRDA:187,9,2,1
BRDA:187,9,3,1
BRDA:196,10,0,0
BRDA:196,10,1,1
BRDA:202,11,0,0
BRDA:202,11,1,1
BRDA:211,12,0,0
BRDA:211,12,1,1
BRDA:217,13,0,0
BRDA:217,13,1,1
BRDA:223,14,0,1
BRDA:223,14,1,0
BRDA:231,15,0,0
BRDA:231,15,1,0
BRDA:237,16,0,0
BRDA:237,16,1,0
BRDA:245,17,0,0
BRDA:245,17,1,0
BRDA:250,18,0,0
BRDA:250,18,1,0
BRDA:252,19,0,0
BRDA:252,19,1,0
BRDA:280,20,0,0
BRDA:280,20,1,0
BRDA:289,21,0,0
BRDA:289,21,1,0
BRDA:323,22,0,0
BRDA:323,22,1,1
BRDA:331,23,0,0
BRDA:331,23,1,1
BRDA:331,24,0,1
BRDA:331,24,1,0
BRDA:333,25,0,0
BRDA:333,25,1,0
BRDA:333,26,0,0
BRDA:333,26,1,0
BRDA:341,27,0,0
BRDA:341,27,1,1
BRDA:341,28,0,1
BRDA:341,28,1,0
BRDA:343,29,0,0
BRDA:343,29,1,0
BRDA:343,30,0,0
BRDA:343,30,1,0
BRDA:350,31,0,0
BRDA:350,31,1,0
BRDA:351,32,0,0
BRDA:351,32,1,0
BRDA:360,33,0,0
BRDA:360,33,1,1
BRDA:360,34,0,1
BRDA:360,34,1,1
BRDA:366,35,0,0
BRDA:366,35,1,1
BRDA:366,36,0,1
BRDA:366,36,1,0
BRDA:374,37,0,0
BRDA:374,37,1,1
BRDA:376,38,0,0
BRDA:376,38,1,0
BRDA:388,39,0,1
BRDA:388,39,1,0
BRDA:389,40,0,0
BRDA:389,40,1,1
BRDA:390,41,0,1
BRDA:390,41,1,0
BRDA:391,42,0,0
BRDA:391,42,1,1
BRDA:392,43,0,0
BRDA:392,43,1,1
BRDA:393,44,0,0
BRDA:393,44,1,1
BRDA:419,45,0,0
BRDA:419,45,1,0
BRDA:428,46,0,0
BRDA:428,46,1,0
BRDA:458,47,0,0
BRDA:458,47,1,0
BRDA:470,48,0,0
BRDA:470,48,1,0
BRDA:501,49,0,0
BRDA:501,49,1,0
BRDA:540,50,0,0
BRDA:540,50,1,0
BRDA:540,51,0,0
BRDA:540,51,1,0
BRDA:548,52,0,0
BRDA:548,52,1,0
BRDA:557,53,0,0
BRDA:557,53,1,0
BRDA:566,54,0,0
BRDA:566,54,1,0
BRDA:566,54,2,0
BRDA:566,54,3,0
BRDA:571,55,0,0
BRDA:571,55,1,0
BRDA:594,56,0,0
BRDA:594,56,1,0
BRDA:594,57,0,0
BRDA:594,57,1,0
BRDA:598,58,0,0
BRDA:598,58,1,0
BRDA:598,59,0,0
BRDA:598,59,1,0
BRF:122
BRH:35
end_of_record
TN:
SF:controllers\subcategoria.controller.js
FN:26,(anonymous_0)
FN:83,(anonymous_1)
FN:142,(anonymous_2)
FN:218,(anonymous_3)
FN:239,(anonymous_4)
FN:325,(anonymous_5)
FN:348,(anonymous_6)
FN:404,(anonymous_7)
FN:458,(anonymous_8)
FN:497,(anonymous_9)
FNF:10
FNH:3
FNDA:1,(anonymous_0)
FNDA:0,(anonymous_1)
FNDA:2,(anonymous_2)
FNDA:0,(anonymous_3)
FNDA:0,(anonymous_4)
FNDA:0,(anonymous_5)
FNDA:0,(anonymous_6)
FNDA:1,(anonymous_7)
FNDA:0,(anonymous_8)
FNDA:0,(anonymous_9)
DA:10,1
DA:11,1
DA:12,1
DA:26,1
DA:27,1
DA:28,1
DA:31,1
DA:36,1
DA:37,1
DA:38,1
DA:40,1
DA:41,0
DA:45,1
DA:46,0
DA:54,1
DA:57,1
DA:66,0
DA:67,0
DA:83,1
DA:84,0
DA:85,0
DA:88,0
DA:103,0
DA:104,0
DA:111,0
DA:112,0
DA:113,0
DA:116,0
DA:124,0
DA:125,0
DA:142,1
DA:143,2
DA:144,2
DA:147,2
DA:148,0
DA:155,2
DA:157,2
DA:158,0
DA:166,2
DA:167,0
DA:174,2
DA:178,2
DA:179,0
DA:186,2
DA:194,2
DA:203,2
DA:212,0
DA:214,0
DA:215,0
DA:218,0
DA:222,0
DA:239,1
DA:240,0
DA:241,0
DA:242,0
DA:245,0
DA:247,0
DA:248,0
DA:255,0
DA:256,0
DA:258,0
DA:259,0
DA:265,0
DA:266,0
DA:274,0
DA:275,0
DA:277,0
DA:284,0
DA:285,0
DA:293,0
DA:294,0
DA:295,0
DA:298,0
DA:301,0
DA:310,0
DA:319,0
DA:321,0
DA:322,0
DA:325,0
DA:329,0
DA:348,1
DA:349,0
DA:350,0
DA:353,0
DA:355,0
DA:356,0
DA:363,0
DA:364,0
DA:367,0
DA:370,0
DA:375,0
DA:385,0
DA:386,0
DA:404,1
DA:405,1
DA:406,1
DA:409,1
DA:411,1
DA:412,0
DA:419,1
DA:423,1
DA:424,0
DA:432,1
DA:435,1
DA:441,0
DA:442,0
DA:458,1
DA:459,0
DA:460,0
DA:463,0
DA:471,0
DA:472,0
DA:479,0
DA:483,0
DA:488,0
DA:494,0
DA:495,0
DA:497,0
DA:498,0
DA:499,0
DA:503,0
DA:527,0
DA:528,0
DA:537,1
LF:124
LH:40
BRDA:37,0,0,0
BRDA:37,0,1,1
BRDA:38,1,0,0
BRDA:38,1,1,1
BRDA:40,2,0,0
BRDA:40,2,1,1
BRDA:45,3,0,0
BRDA:45,3,1,1
BRDA:103,4,0,0
BRDA:103,4,1,0
BRDA:147,5,0,0
BRDA:147,5,1,2
BRDA:147,6,0,2
BRDA:147,6,1,2
BRDA:157,7,0,0
BRDA:157,7,1,2
BRDA:166,8,0,0
BRDA:166,8,1,2
BRDA:178,9,0,0
BRDA:178,9,1,2
BRDA:188,10,0,2
BRDA:188,10,1,0
BRDA:214,11,0,0
BRDA:214,11,1,0
BRDA:247,12,0,0
BRDA:247,12,1,0
BRDA:255,13,0,0
BRDA:255,13,1,0
BRDA:255,14,0,0
BRDA:255,14,1,0
BRDA:258,15,0,0
BRDA:258,15,1,0
BRDA:265,16,0,0
BRDA:265,16,1,0
BRDA:274,17,0,0
BRDA:274,17,1,0
BRDA:274,18,0,0
BRDA:274,18,1,0
BRDA:275,19,0,0
BRDA:275,19,1,0
BRDA:284,20,0,0
BRDA:284,20,1,0
BRDA:293,21,0,0
BRDA:293,21,1,0
BRDA:294,22,0,0
BRDA:294,22,1,0
BRDA:295,23,0,0
BRDA:295,23,1,0
BRDA:321,24,0,0
BRDA:321,24,1,0
BRDA:355,25,0,0
BRDA:355,25,1,0
BRDA:377,26,0,0
BRDA:377,26,1,0
BRDA:411,27,0,0
BRDA:411,27,1,1
BRDA:423,28,0,0
BRDA:423,28,1,1
BRDA:471,29,0,0
BRDA:471,29,1,0
BRF:60
BRH:13
end_of_record
TN:
SF:controllers\usuario.controller.js
FN:26,(anonymous_0)
FN:89,(anonymous_1)
FN:130,(anonymous_2)
FN:186,(anonymous_3)
FN:207,(anonymous_4)
FN:264,(anonymous_5)
FN:314,(anonymous_6)
FN:360,(anonymous_7)
FNF:8
FNH:2
FNDA:1,(anonymous_0)
FNDA:1,(anonymous_1)
FNDA:0,(anonymous_2)
FNDA:0,(anonymous_3)
FNDA:0,(anonymous_4)
FNDA:0,(anonymous_5)
FNDA:0,(anonymous_6)
FNDA:0,(anonymous_7)
DA:10,1
DA:26,1
DA:27,1
DA:28,1
DA:31,1
DA:32,1
DA:33,1
DA:36,1
DA:37,0
DA:38,0
DA:46,1
DA:49,1
DA:58,1
DA:72,0
DA:73,0
DA:89,1
DA:90,1
DA:91,1
DA:93,1
DA:97,1
DA:98,0
DA:104,1
DA:112,0
DA:113,0
DA:130,1
DA:131,0
DA:132,0
DA:135,0
DA:136,0
DA:143,0
DA:144,0
DA:151,0
DA:152,0
DA:153,0
DA:160,0
DA:171,0
DA:180,0
DA:182,0
DA:183,0
DA:186,0
DA:190,0
DA:207,1
DA:208,0
DA:209,0
DA:210,0
DA:212,0
DA:214,0
DA:215,0
DA:222,0
DA:223,0
DA:230,0
DA:231,0
DA:232,0
DA:233,0
DA:234,0
DA:236,0
DA:238,0
DA:247,0
DA:248,0
DA:264,1
DA:265,0
DA:266,0
DA:268,0
DA:270,0
DA:271,0
DA:278,0
DA:279,0
DA:285,0
DA:286,0
DA:288,0
DA:297,0
DA:298,0
DA:314,1
DA:315,0
DA:316,0
DA:318,0
DA:320,0
DA:321,0
DA:328,0
DA:329,0
DA:335,0
DA:337,0
DA:343,0
DA:344,0
DA:360,1
DA:361,0
DA:362,0
DA:363,0
DA:364,0
DA:365,0
DA:366,0
DA:368,0
DA:384,0
DA:385,0
DA:394,1
LF:95
LH:23
BRDA:28,0,0,1
BRDA:28,1,0,1
BRDA:32,2,0,0
BRDA:32,2,1,1
BRDA:33,3,0,0
BRDA:33,3,1,1
BRDA:36,4,0,0
BRDA:36,4,1,1
BRDA:97,5,0,0
BRDA:97,5,1,1
BRDA:135,6,0,0
BRDA:135,6,1,0
BRDA:135,7,0,0
BRDA:135,7,1,0
BRDA:135,7,2,0
BRDA:135,7,3,0
BRDA:135,7,4,0
BRDA:143,8,0,0
BRDA:143,8,1,0
BRDA:152,9,0,0
BRDA:152,9,1,0
BRDA:166,10,0,0
BRDA:166,10,1,0
BRDA:167,11,0,0
BRDA:167,11,1,0
BRDA:182,12,0,0
BRDA:182,12,1,0
BRDA:214,13,0,0
BRDA:214,13,1,0
BRDA:222,14,0,0
BRDA:222,14,1,0
BRDA:222,15,0,0
BRDA:222,15,1,0
BRDA:230,16,0,0
BRDA:230,16,1,0
BRDA:231,17,0,0
BRDA:231,17,1,0
BRDA:232,18,0,0
BRDA:232,18,1,0
BRDA:233,19,0,0
BRDA:233,19,1,0
BRDA:234,20,0,0
BRDA:234,20,1,0
BRDA:270,21,0,0
BRDA:270,21,1,0
BRDA:278,22,0,0
BRDA:278,22,1,0
BRDA:290,23,0,0
BRDA:290,23,1,0
BRDA:320,24,0,0
BRDA:320,24,1,0
BRDA:328,25,0,0
BRDA:328,25,1,0
BRF:53
BRH:6
end_of_record
TN:
SF:middleware\auth.js
FN:30,(anonymous_0)
FN:108,(anonymous_1)
FNF:2
FNH:1
FNDA:34,(anonymous_0)
FNDA:0,(anonymous_1)
DA:10,1
DA:13,1
DA:30,1
DA:31,34
DA:33,34
DA:35,34
DA:36,1
DA:43,33
DA:45,33
DA:46,0
DA:54,33
DA:55,33
DA:57,0
DA:64,33
DA:68,33
DA:69,0
DA:76,33
DA:77,0
DA:85,33
DA:88,33
DA:91,0
DA:92,0
DA:108,1
DA:109,0
DA:110,0
DA:113,0
DA:114,0
DA:115,0
DA:118,0
DA:120,0
DA:121,0
DA:122,0
DA:125,0
DA:126,0
DA:127,0
DA:131,0
DA:132,0
DA:134,0
DA:138,0
DA:141,0
DA:144,0
DA:145,0
DA:146,0
DA:151,1
LF:44
LH:18
BRDA:35,0,0,1
BRDA:35,0,1,33
BRDA:45,1,0,0
BRDA:45,1,1,33
BRDA:68,2,0,0
BRDA:68,2,1,33
BRDA:76,3,0,0
BRDA:76,3,1,33
BRDA:113,4,0,0
BRDA:113,4,1,0
BRDA:120,5,0,0
BRDA:120,5,1,0
BRDA:131,6,0,0
BRDA:131,6,1,0
BRDA:131,7,0,0
BRDA:131,7,1,0
BRF:16
BRH:5
end_of_record
TN:
SF:middleware\checkRole.js
FN:22,(anonymous_0)
FN:66,(anonymous_1)
FN:109,(anonymous_2)
FN:110,(anonymous_3)
FN:155,(anonymous_4)
FN:207,(anonymous_5)
FN:243,(anonymous_6)
FNF:7
FNH:2
FNDA:0,(anonymous_0)
FNDA:0,(anonymous_1)
FNDA:0,(anonymous_2)
FNDA:0,(anonymous_3)
FNDA:0,(anonymous_4)
FNDA:27,(anonymous_5)
FNDA:8,(anonymous_6)
DA:22,1
DA:23,0
DA:25,0
DA:26,0
DA:33,0
DA:34,0
DA:41,0
DA:44,0
DA:45,0
DA:66,1
DA:67,0
DA:69,0
DA:70,0
DA:77,0
DA:78,0
DA:85,0
DA:88,0
DA:89,0
DA:109,1
DA:110,0
DA:111,0
DA:113,0
DA:114,0
DA:121,0
DA:122,0
DA:129,0
DA:132,0
DA:133,0
DA:155,1
DA:156,0
DA:158,0
DA:159,0
DA:166,0
DA:167,0
DA:171,0
DA:174,0
DA:175,0
DA:182,0
DA:185,0
DA:186,0
DA:207,1
DA:208,27
DA:209,27
DA:210,0
DA:216,27
DA:217,2
DA:223,25
DA:225,0
DA:226,0
DA:243,1
DA:244,8
DA:245,8
DA:246,0
DA:252,8
DA:253,6
DA:259,2
DA:261,0
DA:262,0
DA:271,1
LF:59
LH:17
BRDA:25,0,0,0
BRDA:25,0,1,0
BRDA:33,1,0,0
BRDA:33,1,1,0
BRDA:69,2,0,0
BRDA:69,2,1,0
BRDA:77,3,0,0
BRDA:77,3,1,0
BRDA:113,4,0,0
BRDA:113,4,1,0
BRDA:121,5,0,0
BRDA:121,5,1,0
BRDA:158,6,0,0
BRDA:158,6,1,0
BRDA:166,7,0,0
BRDA:166,7,1,0
BRDA:171,8,0,0
BRDA:171,8,1,0
BRDA:174,9,0,0
BRDA:174,9,1,0
BRDA:209,10,0,0
BRDA:209,10,1,27
BRDA:216,11,0,2
BRDA:216,11,1,25
BRDA:245,12,0,0
BRDA:245,12,1,8
BRDA:252,13,0,6
BRDA:252,13,1,2
BRF:28
BRH:6
end_of_record
TN:
SF:routes\admin.routes.js
FNF:0
FNH:0
DA:8,1
DA:9,1
DA:12,1
DA:13,1
DA:16,1
DA:19,1
DA:20,1
DA:21,1
DA:22,1
DA:23,1
DA:30,1
DA:40,1
DA:46,1
DA:52,1
DA:59,1
DA:66,1
DA:72,1
DA:79,1
DA:90,1
DA:96,1
DA:102,1
DA:109,1
DA:116,1
DA:122,1
DA:129,1
DA:140,1
DA:146,1
DA:156,1
DA:164,1
DA:170,1
DA:177,1
DA:184,1
DA:195,1
DA:202,1
DA:208,1
DA:216,1
DA:224,1
DA:231,1
DA:238,1
DA:249,1
DA:256,1
DA:262,1
DA:269,1
DA:274,1
LF:44
LH:44
BRF:0
BRH:0
end_of_record
TN:
SF:routes\auth.routes.js
FNF:0
FNH:0
DA:9,1
DA:10,1
DA:19,1
DA:22,1
DA:52,1
DA:74,1
DA:97,1
DA:125,1
DA:148,1
DA:153,1
LF:10
LH:10
BRF:0
BRH:0
end_of_record
TN:
SF:routes\cliente.routes.js
FNF:0
FNH:0
DA:8,1
DA:9,1
DA:12,1
DA:13,1
DA:16,1
DA:17,1
DA:18,1
DA:29,1
DA:35,1
DA:41,1
DA:47,1
DA:53,1
DA:64,1
DA:70,1
DA:76,1
DA:82,1
DA:88,1
DA:99,1
DA:105,1
DA:111,1
DA:117,1
DA:119,1
LF:22
LH:22
BRF:0
BRH:0
end_of_record
